{"uid":"9def2227351f4d4f","name":"Top Navigation bar Editions button is functional","fullName":"features/TopNavBar.feature:4","historyId":"fb882a0c3e7c2197b631c91ca93f9ac8","time":{"start":1712423398279,"stop":1712423398487,"duration":208},"status":"broken","statusMessage":"Unable to open '/' page, see the traces: \norg.openqa.selenium.SessionNotCreatedException: Could not start a new session. Response code 500. Message: session not created: Chrome failed to start: exited normally.\n  (session not created: DevToolsActivePort file doesn't exist)\n  (The process started from chrome location /usr/bin/google-chrome is no longer running, so ChromeDriver is assuming that Chrome has crashed.) \nHost info: host: 'fv-az1206-379', ip: '10.1.0.46'\nBuild info: version: '4.15.0', revision: '1d14b5521b'\nSystem info: os.name: 'Linux', os.arch: 'amd64', os.version: '6.5.0-1017-azure', java.version: '17.0.10'\nDriver info: org.openqa.selenium.chrome.ChromeDriver\nCommand: [null, newSession {capabilities=[Capabilities {acceptInsecureCerts: true, browserName: chrome, goog:chromeOptions: {args: [--proxy-bypass-list=<-loopb..., --disable-dev-shm-usage, --window-size=1920,1200, --disable-gpu, --ignore-certificate-errors, --no-sandbox, --remote-allow-origins=*, --verbose], binary: /usr/bin/google-chrome, excludeSwitches: [enable-automation, load-extension], extensions: [], prefs: {credentials_enable_service: false, download.default_directory: /home/runner/work/Cucumber_..., plugins.always_open_pdf_externally: true, profile.default_content_setting_values.automatic_downloads: 1, safebrowsing.enabled: true}}, pageLoadStrategy: normal, platformName: any, unhandledPromptBehavior: accept}]}]\nselenide.url: https://www.investing.com/\nselenide.baseUrl: https://www.investing.com","statusTrace":"java.lang.IllegalStateException: Unable to open '/' page, see the traces: \norg.openqa.selenium.SessionNotCreatedException: Could not start a new session. Response code 500. Message: session not created: Chrome failed to start: exited normally.\n  (session not created: DevToolsActivePort file doesn't exist)\n  (The process started from chrome location /usr/bin/google-chrome is no longer running, so ChromeDriver is assuming that Chrome has crashed.) \nHost info: host: 'fv-az1206-379', ip: '10.1.0.46'\nBuild info: version: '4.15.0', revision: '1d14b5521b'\nSystem info: os.name: 'Linux', os.arch: 'amd64', os.version: '6.5.0-1017-azure', java.version: '17.0.10'\nDriver info: org.openqa.selenium.chrome.ChromeDriver\nCommand: [null, newSession {capabilities=[Capabilities {acceptInsecureCerts: true, browserName: chrome, goog:chromeOptions: {args: [--proxy-bypass-list=<-loopb..., --disable-dev-shm-usage, --window-size=1920,1200, --disable-gpu, --ignore-certificate-errors, --no-sandbox, --remote-allow-origins=*, --verbose], binary: /usr/bin/google-chrome, excludeSwitches: [enable-automation, load-extension], extensions: [], prefs: {credentials_enable_service: false, download.default_directory: /home/runner/work/Cucumber_..., plugins.always_open_pdf_externally: true, profile.default_content_setting_values.automatic_downloads: 1, safebrowsing.enabled: true}}, pageLoadStrategy: normal, platformName: any, unhandledPromptBehavior: accept}]}]\nselenide.url: https://www.investing.com/\nselenide.baseUrl: https://www.investing.com\n\tat tst.investing.PageObjects.CommonPage.navigateTo(CommonPage.java:13)\n\tat tst.investing.steps.CommonSteps.openPage(CommonSteps.java:12)\n\tat ✽.\"/\" page(classpath:features/TopNavBar.feature:5)\n","flaky":false,"newFailed":false,"newBroken":true,"newPassed":false,"retriesCount":0,"retriesStatusChange":false,"beforeStages":[{"name":"tst.investing.hooks.Hooks.BeforeScenario()","time":{"start":1712423398279,"stop":1712423398280,"duration":1},"status":"passed","steps":[],"attachments":[],"parameters":[],"shouldDisplayMessage":false,"stepsCount":0,"attachmentsCount":0,"hasContent":false,"attachmentStep":false}],"testStage":{"status":"broken","statusMessage":"Unable to open '/' page, see the traces: \norg.openqa.selenium.SessionNotCreatedException: Could not start a new session. Response code 500. Message: session not created: Chrome failed to start: exited normally.\n  (session not created: DevToolsActivePort file doesn't exist)\n  (The process started from chrome location /usr/bin/google-chrome is no longer running, so ChromeDriver is assuming that Chrome has crashed.) \nHost info: host: 'fv-az1206-379', ip: '10.1.0.46'\nBuild info: version: '4.15.0', revision: '1d14b5521b'\nSystem info: os.name: 'Linux', os.arch: 'amd64', os.version: '6.5.0-1017-azure', java.version: '17.0.10'\nDriver info: org.openqa.selenium.chrome.ChromeDriver\nCommand: [null, newSession {capabilities=[Capabilities {acceptInsecureCerts: true, browserName: chrome, goog:chromeOptions: {args: [--proxy-bypass-list=<-loopb..., --disable-dev-shm-usage, --window-size=1920,1200, --disable-gpu, --ignore-certificate-errors, --no-sandbox, --remote-allow-origins=*, --verbose], binary: /usr/bin/google-chrome, excludeSwitches: [enable-automation, load-extension], extensions: [], prefs: {credentials_enable_service: false, download.default_directory: /home/runner/work/Cucumber_..., plugins.always_open_pdf_externally: true, profile.default_content_setting_values.automatic_downloads: 1, safebrowsing.enabled: true}}, pageLoadStrategy: normal, platformName: any, unhandledPromptBehavior: accept}]}]\nselenide.url: https://www.investing.com/\nselenide.baseUrl: https://www.investing.com","statusTrace":"java.lang.IllegalStateException: Unable to open '/' page, see the traces: \norg.openqa.selenium.SessionNotCreatedException: Could not start a new session. Response code 500. Message: session not created: Chrome failed to start: exited normally.\n  (session not created: DevToolsActivePort file doesn't exist)\n  (The process started from chrome location /usr/bin/google-chrome is no longer running, so ChromeDriver is assuming that Chrome has crashed.) \nHost info: host: 'fv-az1206-379', ip: '10.1.0.46'\nBuild info: version: '4.15.0', revision: '1d14b5521b'\nSystem info: os.name: 'Linux', os.arch: 'amd64', os.version: '6.5.0-1017-azure', java.version: '17.0.10'\nDriver info: org.openqa.selenium.chrome.ChromeDriver\nCommand: [null, newSession {capabilities=[Capabilities {acceptInsecureCerts: true, browserName: chrome, goog:chromeOptions: {args: [--proxy-bypass-list=<-loopb..., --disable-dev-shm-usage, --window-size=1920,1200, --disable-gpu, --ignore-certificate-errors, --no-sandbox, --remote-allow-origins=*, --verbose], binary: /usr/bin/google-chrome, excludeSwitches: [enable-automation, load-extension], extensions: [], prefs: {credentials_enable_service: false, download.default_directory: /home/runner/work/Cucumber_..., plugins.always_open_pdf_externally: true, profile.default_content_setting_values.automatic_downloads: 1, safebrowsing.enabled: true}}, pageLoadStrategy: normal, platformName: any, unhandledPromptBehavior: accept}]}]\nselenide.url: https://www.investing.com/\nselenide.baseUrl: https://www.investing.com\n\tat tst.investing.PageObjects.CommonPage.navigateTo(CommonPage.java:13)\n\tat tst.investing.steps.CommonSteps.openPage(CommonSteps.java:12)\n\tat ✽.\"/\" page(classpath:features/TopNavBar.feature:5)\n","steps":[{"name":"Given  \"/\" page","time":{"start":1712423398280,"stop":1712423398483,"duration":203},"status":"broken","statusMessage":"Unable to open '/' page, see the traces: \norg.openqa.selenium.SessionNotCreatedException: Could not start a new session. Response code 500. Message: session not created: Chrome failed to start: exited normally.\n  (session not created: DevToolsActivePort file doesn't exist)\n  (The process started from chrome location /usr/bin/google-chrome is no longer running, so ChromeDriver is assuming that Chrome has crashed.) \nHost info: host: 'fv-az1206-379', ip: '10.1.0.46'\nBuild info: version: '4.15.0', revision: '1d14b5521b'\nSystem info: os.name: 'Linux', os.arch: 'amd64', os.version: '6.5.0-1017-azure', java.version: '17.0.10'\nDriver info: org.openqa.selenium.chrome.ChromeDriver\nCommand: [null, newSession {capabilities=[Capabilities {acceptInsecureCerts: true, browserName: chrome, goog:chromeOptions: {args: [--proxy-bypass-list=<-loopb..., --disable-dev-shm-usage, --window-size=1920,1200, --disable-gpu, --ignore-certificate-errors, --no-sandbox, --remote-allow-origins=*, --verbose], binary: /usr/bin/google-chrome, excludeSwitches: [enable-automation, load-extension], extensions: [], prefs: {credentials_enable_service: false, download.default_directory: /home/runner/work/Cucumber_..., plugins.always_open_pdf_externally: true, profile.default_content_setting_values.automatic_downloads: 1, safebrowsing.enabled: true}}, pageLoadStrategy: normal, platformName: any, unhandledPromptBehavior: accept}]}]\nselenide.url: https://www.investing.com/\nselenide.baseUrl: https://www.investing.com","statusTrace":"java.lang.IllegalStateException: Unable to open '/' page, see the traces: \norg.openqa.selenium.SessionNotCreatedException: Could not start a new session. Response code 500. Message: session not created: Chrome failed to start: exited normally.\n  (session not created: DevToolsActivePort file doesn't exist)\n  (The process started from chrome location /usr/bin/google-chrome is no longer running, so ChromeDriver is assuming that Chrome has crashed.) \nHost info: host: 'fv-az1206-379', ip: '10.1.0.46'\nBuild info: version: '4.15.0', revision: '1d14b5521b'\nSystem info: os.name: 'Linux', os.arch: 'amd64', os.version: '6.5.0-1017-azure', java.version: '17.0.10'\nDriver info: org.openqa.selenium.chrome.ChromeDriver\nCommand: [null, newSession {capabilities=[Capabilities {acceptInsecureCerts: true, browserName: chrome, goog:chromeOptions: {args: [--proxy-bypass-list=<-loopb..., --disable-dev-shm-usage, --window-size=1920,1200, --disable-gpu, --ignore-certificate-errors, --no-sandbox, --remote-allow-origins=*, --verbose], binary: /usr/bin/google-chrome, excludeSwitches: [enable-automation, load-extension], extensions: [], prefs: {credentials_enable_service: false, download.default_directory: /home/runner/work/Cucumber_..., plugins.always_open_pdf_externally: true, profile.default_content_setting_values.automatic_downloads: 1, safebrowsing.enabled: true}}, pageLoadStrategy: normal, platformName: any, unhandledPromptBehavior: accept}]}]\nselenide.url: https://www.investing.com/\nselenide.baseUrl: https://www.investing.com\n\tat tst.investing.PageObjects.CommonPage.navigateTo(CommonPage.java:13)\n\tat tst.investing.steps.CommonSteps.openPage(CommonSteps.java:12)\n\tat ✽.\"/\" page(classpath:features/TopNavBar.feature:5)\n","steps":[],"attachments":[],"parameters":[],"shouldDisplayMessage":true,"stepsCount":0,"attachmentsCount":0,"hasContent":true,"attachmentStep":false},{"name":"When  user hovers over Edition button on the Top Navigation bar","time":{"start":1712423398484,"stop":1712423398484,"duration":0},"status":"skipped","steps":[],"attachments":[],"parameters":[],"shouldDisplayMessage":false,"stepsCount":0,"attachmentsCount":0,"hasContent":false,"attachmentStep":false},{"name":"Then  the Edition popup is displayed","time":{"start":1712423398484,"stop":1712423398484,"duration":0},"status":"skipped","steps":[],"attachments":[],"parameters":[],"shouldDisplayMessage":false,"stepsCount":0,"attachmentsCount":0,"hasContent":false,"attachmentStep":false},{"name":"And  the Edition popup contains the following values:","time":{"start":1712423398485,"stop":1712423398486,"duration":1},"status":"skipped","steps":[],"attachments":[{"uid":"c27e8fab0df34fc4","name":"Data table","source":"c27e8fab0df34fc4.csv","type":"text/tab-separated-values","size":453}],"parameters":[],"shouldDisplayMessage":false,"stepsCount":0,"attachmentsCount":1,"hasContent":true,"attachmentStep":false}],"attachments":[],"parameters":[],"shouldDisplayMessage":false,"stepsCount":4,"attachmentsCount":1,"hasContent":true,"attachmentStep":false},"afterStages":[{"name":"tst.investing.hooks.Hooks.AfterScenario()","time":{"start":1712423398486,"stop":1712423398487,"duration":1},"status":"passed","steps":[],"attachments":[],"parameters":[],"shouldDisplayMessage":false,"stepsCount":0,"attachmentsCount":0,"hasContent":false,"attachmentStep":false}],"labels":[{"name":"tag","value":"TopNavBar"},{"name":"host","value":"fv-az1206-379"},{"name":"thread","value":"3161@fv-az1206-379.Test worker(1)"},{"name":"feature","value":"Verify Top Navigation bar"},{"name":"story","value":"Top Navigation bar Editions button is functional"},{"name":"suite","value":"Verify Top Navigation bar"},{"name":"testClass","value":"Top Navigation bar Editions button is functional"},{"name":"framework","value":"cucumber4jvm"},{"name":"language","value":"java"},{"name":"gherkin_uri","value":"classpath:features/TopNavBar.feature"},{"name":"package","value":"features.TopNavBar_feature.Verify Top Navigation bar"},{"name":"resultFormat","value":"allure2"}],"parameters":[],"links":[],"hidden":false,"retry":false,"extra":{"severity":"normal","retries":[],"categories":[{"name":"Test defects","matchedStatuses":[],"flaky":false}],"history":{"statistic":{"failed":0,"broken":4,"skipped":0,"passed":1,"unknown":0,"total":5},"items":[{"uid":"87ea0a6eb34ca81e","reportUrl":"https://MRC81.github.io/Cucumber_Selenide/1//#testresult/87ea0a6eb34ca81e","status":"passed","time":{"start":1703440077396,"stop":1703440147997,"duration":70601}},{"uid":"858ba673754ad56a","reportUrl":"https://MRC81.github.io/Cucumber_Selenide/2//#testresult/858ba673754ad56a","status":"broken","statusDetails":"Unable to open '/' page, see the traces: \norg.openqa.selenium.SessionNotCreatedException: Could not start a new session. Response code 500. Message: session not created: Chrome failed to start: exited normally.\n  (session not created: DevToolsActivePort file doesn't exist)\n  (The process started from chrome location /usr/bin/google-chrome is no longer running, so ChromeDriver is assuming that Chrome has crashed.) \nHost info: host: 'fv-az740-245', ip: '10.1.0.93'\nBuild info: version: '4.15.0', revision: '1d14b5521b'\nSystem info: os.name: 'Linux', os.arch: 'amd64', os.version: '6.2.0-1018-azure', java.version: '17.0.9'\nDriver info: org.openqa.selenium.chrome.ChromeDriver\nCommand: [null, newSession {capabilities=[Capabilities {acceptInsecureCerts: true, browserName: chrome, goog:chromeOptions: {args: [--proxy-bypass-list=<-loopb..., --disable-dev-shm-usage, --window-size=1920,1200, --disable-gpu, --ignore-certificate-errors, --no-sandbox, --remote-allow-origins=*, --verbose], binary: /usr/bin/google-chrome, excludeSwitches: [enable-automation, load-extension], extensions: [], prefs: {credentials_enable_service: false, download.default_directory: /home/runner/work/Cucumber_..., plugins.always_open_pdf_externally: true, profile.default_content_setting_values.automatic_downloads: 1, safebrowsing.enabled: true}}, pageLoadStrategy: normal, platformName: any, unhandledPromptBehavior: accept}]}]\nselenide.url: https://www.investing.com/\nselenide.baseUrl: https://www.investing.com","time":{"start":1703439490461,"stop":1703439490661,"duration":200}},{"uid":"2e399c62115d8cef","reportUrl":"https://MRC81.github.io/Cucumber_Selenide/1//#testresult/2e399c62115d8cef","status":"broken","statusDetails":"Unable to open '/' page, see the traces: \norg.openqa.selenium.SessionNotCreatedException: Could not start a new session. Possible causes are invalid address of the remote server or browser start-up failure. \nHost info: host: 'fv-az1110-626', ip: '10.1.0.22'\nBuild info: version: '4.15.0', revision: '1d14b5521b'\nSystem info: os.name: 'Linux', os.arch: 'amd64', os.version: '6.2.0-1018-azure', java.version: '17.0.9'\nDriver info: org.openqa.selenium.firefox.FirefoxDriver\nCommand: [null, newSession {capabilities=[Capabilities {acceptInsecureCerts: true, browserName: firefox, moz:debuggerAddress: true, moz:firefoxOptions: {binary: /usr/bin/firefox, prefs: {browser.download.dir: /home/runner/work/Cucumber_..., browser.download.folderList: 2, browser.helperApps.neverAsk.saveToDisk: video/3gpp;video/3gpp2;appl..., network.automatic-ntlm-auth.allow-non-fqdn: true, network.automatic-ntlm-auth.trusted-uris: http://,https://, network.http.phishy-userpass-length: 255, network.negotiate-auth.delegation-uris: http://,https://, network.negotiate-auth.trusted-uris: http://,https://, network.proxy.allow_hijacking_localhost: true, network.proxy.no_proxies_on: , pdfjs.disabled: true, security.csp.enable: false}}, pageLoadStrategy: normal, platformName: any, unhandledPromptBehavior: accept, version: latest}]}]\nselenide.url: https://www.investing.com/\nselenide.baseUrl: https://www.investing.com","time":{"start":1703439073317,"stop":1703439073678,"duration":361}},{"uid":"296b213f4dbcc110","reportUrl":"https://MRC81.github.io/Cucumber_Selenide/1//#testresult/296b213f4dbcc110","status":"broken","statusDetails":"Unable to open '/' page, see the traces: \norg.openqa.selenium.SessionNotCreatedException: Could not start a new session. Response code 500. Message: session not created: Chrome failed to start: exited normally.\n  (session not created: DevToolsActivePort file doesn't exist)\n  (The process started from chrome location /usr/bin/google-chrome is no longer running, so ChromeDriver is assuming that Chrome has crashed.) \nHost info: host: 'fv-az736-601', ip: '10.1.0.20'\nBuild info: version: '4.15.0', revision: '1d14b5521b'\nSystem info: os.name: 'Linux', os.arch: 'amd64', os.version: '6.2.0-1018-azure', java.version: '17.0.9'\nDriver info: org.openqa.selenium.chrome.ChromeDriver\nCommand: [null, newSession {capabilities=[Capabilities {acceptInsecureCerts: true, browserName: chrome, goog:chromeOptions: {args: [--proxy-bypass-list=<-loopb..., --disable-dev-shm-usage, --window-size=1920,1200, --disable-gpu, --ignore-certificate-errors, --no-sandbox, --remote-allow-origins=*, --verbose], binary: /usr/bin/google-chrome, excludeSwitches: [enable-automation, load-extension], extensions: [], prefs: {credentials_enable_service: false, download.default_directory: /home/runner/work/Cucumber_..., plugins.always_open_pdf_externally: true, profile.default_content_setting_values.automatic_downloads: 1, safebrowsing.enabled: true}}, pageLoadStrategy: normal, platformName: any, unhandledPromptBehavior: accept}]}]\nselenide.url: https://www.investing.com/\nselenide.baseUrl: https://www.investing.com","time":{"start":1703435656468,"stop":1703435656669,"duration":201}}]},"tags":["TopNavBar"]},"source":"9def2227351f4d4f.json","parameterValues":[]}