{"5237b99eb407fc4b6350a8d633fa6161":{"statistic":{"failed":3,"broken":22,"skipped":0,"passed":9,"unknown":0,"total":34},"items":[{"uid":"595396b7422ca503","reportUrl":"https://MRC81.github.io/Cucumber_Selenide/21//#testresult/595396b7422ca503","status":"passed","time":{"start":1718547060272,"stop":1718547062671,"duration":2399}},{"uid":"7d69c2055f8a41b","reportUrl":"https://MRC81.github.io/Cucumber_Selenide/20//#testresult/7d69c2055f8a41b","status":"broken","statusDetails":"Unable to open '/equities/tesla-motors' page, see the traces: \norg.openqa.selenium.remote.NoSuchDriverException: Unable to obtain: Capabilities {acceptInsecureCerts: true, browserName: chrome, goog:chromeOptions: {args: [--headless=new, --proxy-bypass-list=<-loopb..., --disable-dev-shm-usage, --disable-background-networ..., --enable-features=NetworkSe..., --disable-background-timer-..., --disable-backgrounding-occ..., --disable-breakpad, --disable-client-side-phish..., --disable-component-extensi..., --disable-default-apps, --disable-features=TranslateUI, --disable-hang-monitor, --disable-ipc-flooding-prot..., --disable-popup-blocking, --disable-prompt-on-repost, --disable-renderer-backgrou..., --disable-sync, --force-color-profile=srgb, --metrics-recording-only, --no-first-run, --password-store=basic, --use-mock-keychain, --hide-scrollbars, --mute-audio, --window-size=1920,1200, --no-sandbox, --remote-allow-origins=*, --verbose, --disable-gpu, --ignore-certificate-errors], excludeSwitches: [enable-automation, load-extension], extensions: [], prefs: {credentials_enable_service: false, download.default_directory: /home/runner/work/Cucumber_..., plugins.always_open_pdf_externally: true, profile.default_content_setting_values.automatic_downloads: 1, profile.password_manager_enabled: false, safebrowsing.enabled: true}}, pageLoadStrategy: eager, platformName: any, unhandledPromptBehavior: accept}, error Command failed with code: 65, executed: [--browser, chrome, --language-binding, java, --output, json, --browser-version, latest]\nchrome latest not available for download (minimum version: 113)\nBuild info: version: '4.19.1', revision: 'abe0ee07dc'\nSystem info: os.name: 'Linux', os.arch: 'amd64', os.version: '6.5.0-1021-azure', java.version: '17.0.11'\nDriver info: driver.version: SelenideDriver","time":{"start":1718545977519,"stop":1718545977613,"duration":94}},{"uid":"b8bf294069e45ede","reportUrl":"https://MRC81.github.io/Cucumber_Selenide/19//#testresult/b8bf294069e45ede","status":"broken","statusDetails":"Unable to open '/equities/tesla-motors' page, see the traces: \norg.openqa.selenium.SessionNotCreatedException: Could not start a new session. Response code 500. Message: session not created: This version of ChromeDriver only supports Chrome version 128\nCurrent browser version is 125.0.6422.141 with binary path /usr/bin/google-chrome \nHost info: host: 'fv-az1205-493', ip: '10.1.0.50'\nBuild info: version: '4.19.1', revision: 'abe0ee07dc'\nSystem info: os.name: 'Linux', os.arch: 'amd64', os.version: '6.5.0-1021-azure', java.version: '17.0.11'\nDriver info: org.openqa.selenium.chrome.ChromeDriver\nCommand: [null, newSession {capabilities=[Capabilities {acceptInsecureCerts: true, browserName: chrome, goog:chromeOptions: {args: [--headless=new, --proxy-bypass-list=<-loopb..., --disable-dev-shm-usage, --disable-background-networ..., --enable-features=NetworkSe..., --disable-background-timer-..., --disable-backgrounding-occ..., --disable-breakpad, --disable-client-side-phish..., --disable-component-extensi..., --disable-default-apps, --disable-features=TranslateUI, --disable-hang-monitor, --disable-ipc-flooding-prot..., --disable-popup-blocking, --disable-prompt-on-repost, --disable-renderer-backgrou..., --disable-sync, --force-color-profile=srgb, --metrics-recording-only, --no-first-run, --password-store=basic, --use-mock-keychain, --hide-scrollbars, --mute-audio, --window-size=1920,1200, --no-sandbox, --remote-allow-origins=*, --verbose, --disable-gpu, --ignore-certificate-errors], binary: /usr/bin/google-chrome, excludeSwitches: [enable-automation, load-extension], extensions: [], prefs: {credentials_enable_service: false, download.default_directory: /home/runner/work/Cucumber_..., plugins.always_open_pdf_externally: true, profile.default_content_setting_values.automatic_downloads: 1, profile.password_manager_enabled: false, safebrowsing.enabled: true}}, pageLoadStrategy: eager, platformName: any, unhandledPromptBehavior: accept}]}]\nselenide.url: https://www.investing.com/equities/tesla-motors\nselenide.baseUrl: https://www.investing.com","time":{"start":1718545141500,"stop":1718545141809,"duration":309}},{"uid":"c0388576420eb3a9","reportUrl":"https://MRC81.github.io/Cucumber_Selenide/18//#testresult/c0388576420eb3a9","status":"broken","statusDetails":"Unable to open '/equities/tesla-motors' page, see the traces: \norg.openqa.selenium.remote.NoSuchDriverException: Unable to obtain: Capabilities {acceptInsecureCerts: true, browserName: chrome, goog:chromeOptions: {args: [--headless=new, --proxy-bypass-list=<-loopb..., --disable-dev-shm-usage, --disable-background-networ..., --enable-features=NetworkSe..., --disable-background-timer-..., --disable-backgrounding-occ..., --disable-breakpad, --disable-client-side-phish..., --disable-component-extensi..., --disable-default-apps, --disable-features=TranslateUI, --disable-hang-monitor, --disable-ipc-flooding-prot..., --disable-popup-blocking, --disable-prompt-on-repost, --disable-renderer-backgrou..., --disable-sync, --force-color-profile=srgb, --metrics-recording-only, --no-first-run, --password-store=basic, --use-mock-keychain, --hide-scrollbars, --mute-audio, --window-size=1920,1200, --no-sandbox, --remote-allow-origins=*, --verbose, --disable-gpu, --ignore-certificate-errors], excludeSwitches: [enable-automation, load-extension], extensions: [], prefs: {credentials_enable_service: false, download.default_directory: /home/runner/work/Cucumber_..., plugins.always_open_pdf_externally: true, profile.default_content_setting_values.automatic_downloads: 1, profile.password_manager_enabled: false, safebrowsing.enabled: true}}, pageLoadStrategy: eager, platformName: any, unhandledPromptBehavior: accept}, error Command failed with code: 65, executed: [--browser, chrome, --language-binding, java, --output, json, --browser-version, latest]\nchrome latest not available for download (minimum version: 113)\nBuild info: version: '4.19.1', revision: 'abe0ee07dc'\nSystem info: os.name: 'Linux', os.arch: 'amd64', os.version: '6.5.0-1021-azure', java.version: '17.0.11'\nDriver info: driver.version: SelenideDriver","time":{"start":1718543672403,"stop":1718543672487,"duration":84}},{"uid":"7e7a7324b88b5810","reportUrl":"https://MRC81.github.io/Cucumber_Selenide/17//#testresult/7e7a7324b88b5810","status":"broken","statusDetails":"Unable to open '/equities/tesla-motors' page, see the traces: \norg.openqa.selenium.remote.NoSuchDriverException: Unable to obtain: Capabilities {acceptInsecureCerts: true, browserName: chrome, goog:chromeOptions: {args: [--headless=new, --proxy-bypass-list=<-loopb..., --disable-dev-shm-usage, --disable-background-networ..., --enable-features=NetworkSe..., --disable-background-timer-..., --disable-backgrounding-occ..., --disable-breakpad, --disable-client-side-phish..., --disable-component-extensi..., --disable-default-apps, --disable-features=TranslateUI, --disable-hang-monitor, --disable-ipc-flooding-prot..., --disable-popup-blocking, --disable-prompt-on-repost, --disable-renderer-backgrou..., --disable-sync, --force-color-profile=srgb, --metrics-recording-only, --no-first-run, --password-store=basic, --use-mock-keychain, --hide-scrollbars, --mute-audio, --window-size=1920,1200, --no-sandbox, --remote-allow-origins=*, --verbose, --disable-gpu, --ignore-certificate-errors], excludeSwitches: [enable-automation, load-extension], extensions: [], prefs: {credentials_enable_service: false, download.default_directory: /home/runner/work/Cucumber_..., plugins.always_open_pdf_externally: true, profile.default_content_setting_values.automatic_downloads: 1, profile.password_manager_enabled: false, safebrowsing.enabled: true}}, pageLoadStrategy: eager, platformName: any, unhandledPromptBehavior: accept}, error Command failed with code: 65, executed: [--browser, chrome, --language-binding, java, --output, json, --browser-version, latest]\nchrome latest not available for download (minimum version: 113)\nBuild info: version: '4.19.1', revision: 'abe0ee07dc'\nSystem info: os.name: 'Linux', os.arch: 'amd64', os.version: '6.5.0-1021-azure', java.version: '17.0.11'\nDriver info: driver.version: SelenideDriver","time":{"start":1718139905149,"stop":1718139905245,"duration":96}},{"uid":"5bf08381cc3dfea9","reportUrl":"https://MRC81.github.io/Cucumber_Selenide/13//#testresult/5bf08381cc3dfea9","status":"broken","statusDetails":"Unable to open '/equities/tesla-motors' page, see the traces: \norg.openqa.selenium.TimeoutException: java.util.concurrent.TimeoutException\nBuild info: version: '4.19.1', revision: 'abe0ee07dc'\nSystem info: os.name: 'Linux', os.arch: 'amd64', os.version: '6.5.0-1021-azure', java.version: '17.0.11'\nDriver info: org.openqa.selenium.chrome.ChromeDriver\nCommand: [a0595fdcb9467227d3616dfe34799f0e, getTitle {}]\nselenide.url: https://www.investing.com/equities/tesla-motors\nCapabilities {acceptInsecureCerts: true, browserName: chrome, browserVersion: 125.0.6422.60, chrome: {chromedriverVersion: 125.0.6422.60 (3ac3319bff9f..., userDataDir: /tmp/.org.chromium.Chromium...}, fedcm:accounts: true, goog:chromeOptions: {debuggerAddress: localhost:46831}, networkConnectionEnabled: false, pageLoadStrategy: eager, platformName: linux, proxy: Proxy(), se:cdp: ws://localhost:46831/devtoo..., se:cdpVersion: 125.0.6422.60, setWindowRect: true, strictFileInteractability: false, timeouts: {implicit: 0, pageLoad: 300000, script: 30000}, unhandledPromptBehavior: accept, webauthn:extension:credBlob: true, webauthn:extension:largeBlob: true, webauthn:extension:minPinLength: true, webauthn:extension:prf: true, webauthn:virtualAuthenticators: true}\nselenide.baseUrl: https://www.investing.com\nSession ID: a0595fdcb9467227d3616dfe34799f0e","time":{"start":1716298845357,"stop":1716299205368,"duration":360011}},{"uid":"fff7ae54d998a900","reportUrl":"https://MRC81.github.io/Cucumber_Selenide/12//#testresult/fff7ae54d998a900","status":"broken","statusDetails":"Unable to open '/equities/tesla-motors' page, see the traces: \norg.openqa.selenium.SessionNotCreatedException: Could not start a new session. Response code 500. Message: Unable to find a matching set of capabilities \nHost info: host: 'fv-az585-661', ip: '10.1.0.65'\nBuild info: version: '4.19.1', revision: 'abe0ee07dc'\nSystem info: os.name: 'Linux', os.arch: 'amd64', os.version: '6.5.0-1021-azure', java.version: '17.0.11'\nDriver info: org.openqa.selenium.firefox.FirefoxDriver\nCommand: [null, newSession {capabilities=[Capabilities {acceptInsecureCerts: true, browserName: firefox, moz:debuggerAddress: true, moz:firefoxOptions: {args: [-headless], binary: /usr/bin/firefox, prefs: {browser.download.dir: /home/runner/work/Cucumber_..., browser.download.folderList: 2, browser.helperApps.neverAsk.saveToDisk: video/3gpp;video/3gpp2;appl..., network.automatic-ntlm-auth.allow-non-fqdn: true, network.automatic-ntlm-auth.trusted-uris: http://,https://, network.http.phishy-userpass-length: 255, network.negotiate-auth.delegation-uris: http://,https://, network.negotiate-auth.trusted-uris: http://,https://, network.proxy.allow_hijacking_localhost: true, network.proxy.no_proxies_on: , pdfjs.disabled: true, security.csp.enable: false}}, pageLoadStrategy: eager, platformName: any, unhandledPromptBehavior: accept}]}]\nselenide.url: https://www.investing.com/equities/tesla-motors\nselenide.baseUrl: https://www.investing.com","time":{"start":1716192058359,"stop":1716192058726,"duration":367}},{"uid":"e2119522e681cc5","reportUrl":"https://MRC81.github.io/Cucumber_Selenide/11//#testresult/e2119522e681cc5","status":"broken","statusDetails":"Unable to open '/equities/tesla-motors' page, see the traces: \norg.openqa.selenium.TimeoutException: java.util.concurrent.TimeoutException\nBuild info: version: '4.19.1', revision: 'abe0ee07dc'\nSystem info: os.name: 'Linux', os.arch: 'amd64', os.version: '6.5.0-1021-azure', java.version: '17.0.11'\nDriver info: org.openqa.selenium.chrome.ChromeDriver\nCommand: [7191553c79a7f3a473dfe567214ef583, getTitle {}]\nselenide.url: https://www.investing.com/equities/tesla-motors\nCapabilities {acceptInsecureCerts: true, browserName: chrome, browserVersion: 125.0.6422.60, chrome: {chromedriverVersion: 125.0.6422.60 (3ac3319bff9f..., userDataDir: /tmp/.org.chromium.Chromium...}, fedcm:accounts: true, goog:chromeOptions: {debuggerAddress: localhost:43921}, networkConnectionEnabled: false, pageLoadStrategy: eager, platformName: linux, proxy: Proxy(), se:cdp: ws://localhost:43921/devtoo..., se:cdpVersion: 125.0.6422.60, setWindowRect: true, strictFileInteractability: false, timeouts: {implicit: 0, pageLoad: 300000, script: 30000}, unhandledPromptBehavior: accept, webauthn:extension:credBlob: true, webauthn:extension:largeBlob: true, webauthn:extension:minPinLength: true, webauthn:extension:prf: true, webauthn:virtualAuthenticators: true}\nselenide.baseUrl: https://www.investing.com\nSession ID: 7191553c79a7f3a473dfe567214ef583","time":{"start":1716143449305,"stop":1716143809315,"duration":360010}},{"uid":"d159347aa94e2a07","reportUrl":"https://MRC81.github.io/Cucumber_Selenide/4//#testresult/d159347aa94e2a07","status":"passed","time":{"start":1716142217714,"stop":1716142221465,"duration":3751}},{"uid":"b3ee8295531488ed","reportUrl":"https://MRC81.github.io/Cucumber_Selenide/16//#testresult/b3ee8295531488ed","status":"passed","time":{"start":1716142054210,"stop":1716142056417,"duration":2207}},{"uid":"ae1acdb721c65578","reportUrl":"https://MRC81.github.io/Cucumber_Selenide/10//#testresult/ae1acdb721c65578","status":"failed","statusDetails":"Element not found {[data-test='weekRange']}\nExpected: visible\nTimeout: 8 s.\nCaused by: TimeoutException: java.util.concurrent.TimeoutException","time":{"start":1716136071124,"stop":1716136614254,"duration":543130}},{"uid":"9845812f2a7c5acb","reportUrl":"https://MRC81.github.io/Cucumber_Selenide/15//#testresult/9845812f2a7c5acb","status":"passed","time":{"start":1716136031337,"stop":1716136033531,"duration":2194}},{"uid":"4d3bdaf10b2e8903","reportUrl":"https://MRC81.github.io/Cucumber_Selenide/9//#testresult/4d3bdaf10b2e8903","status":"broken","statusDetails":"Unable to open '/equities/tesla-motors' page, see the traces: \norg.openqa.selenium.TimeoutException: java.util.concurrent.TimeoutException\nBuild info: version: '4.19.1', revision: 'abe0ee07dc'\nSystem info: os.name: 'Linux', os.arch: 'amd64', os.version: '6.5.0-1021-azure', java.version: '17.0.11'\nDriver info: org.openqa.selenium.chrome.ChromeDriver\nCommand: [790f9da82ff1bb69e25e793610819d9a, getTitle {}]\nselenide.url: https://www.investing.com/equities/tesla-motors\nCapabilities {acceptInsecureCerts: true, browserName: chrome, browserVersion: 125.0.6422.60, chrome: {chromedriverVersion: 125.0.6422.60 (3ac3319bff9f..., userDataDir: /tmp/.org.chromium.Chromium...}, fedcm:accounts: true, goog:chromeOptions: {debuggerAddress: localhost:40955}, networkConnectionEnabled: false, pageLoadStrategy: eager, platformName: linux, proxy: Proxy(), se:cdp: ws://localhost:40955/devtoo..., se:cdpVersion: 125.0.6422.60, setWindowRect: true, strictFileInteractability: false, timeouts: {implicit: 0, pageLoad: 300000, script: 30000}, unhandledPromptBehavior: accept, webauthn:extension:credBlob: true, webauthn:extension:largeBlob: true, webauthn:extension:minPinLength: true, webauthn:extension:prf: true, webauthn:virtualAuthenticators: true}\nselenide.baseUrl: https://www.investing.com\nSession ID: 790f9da82ff1bb69e25e793610819d9a","time":{"start":1716134196603,"stop":1716134556614,"duration":360011}},{"uid":"3efbe0ffbf9c9a11","reportUrl":"https://MRC81.github.io/Cucumber_Selenide/14//#testresult/3efbe0ffbf9c9a11","status":"passed","time":{"start":1716133237784,"stop":1716133239970,"duration":2186}},{"uid":"5550fecfe4e177fc","reportUrl":"https://MRC81.github.io/Cucumber_Selenide/13//#testresult/5550fecfe4e177fc","status":"broken","statusDetails":"Unable to open '/equities/tesla-motors' page, see the traces: \norg.openqa.selenium.TimeoutException: java.util.concurrent.TimeoutException\nBuild info: version: '4.19.1', revision: 'abe0ee07dc'\nSystem info: os.name: 'Linux', os.arch: 'amd64', os.version: '6.5.0-1017-azure', java.version: '17.0.10'\nDriver info: org.openqa.selenium.chrome.ChromeDriver\nCommand: [bd6099432b976ee1419c750744d19341, getTitle {}]\nselenide.url: https://www.investing.com/equities/tesla-motors\nCapabilities {acceptInsecureCerts: true, browserName: chrome, browserVersion: 123.0.6312.105, chrome: {chromedriverVersion: 123.0.6312.86 (9b72c47a0536..., userDataDir: /tmp/.org.chromium.Chromium...}, fedcm:accounts: true, goog:chromeOptions: {debuggerAddress: localhost:41059}, networkConnectionEnabled: false, pageLoadStrategy: eager, platformName: linux, proxy: Proxy(), se:cdp: ws://localhost:41059/devtoo..., se:cdpVersion: 123.0.6312.105, setWindowRect: true, strictFileInteractability: false, timeouts: {implicit: 0, pageLoad: 300000, script: 30000}, unhandledPromptBehavior: accept, webauthn:extension:credBlob: true, webauthn:extension:largeBlob: true, webauthn:extension:minPinLength: true, webauthn:extension:prf: true, webauthn:virtualAuthenticators: true}\nselenide.baseUrl: https://www.investing.com\nSession ID: bd6099432b976ee1419c750744d19341","time":{"start":1712564673475,"stop":1712565033487,"duration":360012}},{"uid":"55168d6e5fd24dfe","reportUrl":"https://MRC81.github.io/Cucumber_Selenide/3//#testresult/55168d6e5fd24dfe","status":"passed","time":{"start":1712510986779,"stop":1712510989892,"duration":3113}},{"uid":"23a6cefc62e3c497","reportUrl":"https://MRC81.github.io/Cucumber_Selenide/12//#testresult/23a6cefc62e3c497","status":"broken","statusDetails":"Unable to open '/equities/tesla-motors' page, see the traces: \norg.openqa.selenium.SessionNotCreatedException: Could not start a new session. Possible causes are invalid address of the remote server or browser start-up failure. \nHost info: host: 'fv-az698-614', ip: '10.1.0.74'\nBuild info: version: '4.19.1', revision: 'abe0ee07dc'\nSystem info: os.name: 'Linux', os.arch: 'amd64', os.version: '6.5.0-1017-azure', java.version: '17.0.10'\nselenide.remote: http://localhost:4444/wd/hub\nDriver info: org.openqa.selenium.remote.RemoteWebDriver\nCommand: [null, newSession {capabilities=[Capabilities {acceptInsecureCerts: true, browserName: chrome, goog:chromeOptions: {args: [--headless=new, --proxy-bypass-list=<-loopb..., --disable-dev-shm-usage, --disable-background-networ..., --enable-features=NetworkSe..., --disable-background-timer-..., --disable-backgrounding-occ..., --disable-breakpad, --disable-client-side-phish..., --disable-component-extensi..., --disable-default-apps, --disable-features=TranslateUI, --disable-hang-monitor, --disable-ipc-flooding-prot..., --disable-popup-blocking, --disable-prompt-on-repost, --disable-renderer-backgrou..., --disable-sync, --force-color-profile=srgb, --metrics-recording-only, --no-first-run, --password-store=basic, --use-mock-keychain, --hide-scrollbars, --mute-audio, --window-size=1920,1200, --disable-gpu, --ignore-certificate-errors, --no-sandbox, --remote-allow-origins=*, --verbose], excludeSwitches: [enable-automation, load-extension], extensions: [], prefs: {credentials_enable_service: false, plugins.always_open_pdf_externally: true, profile.default_content_setting_values.automatic_downloads: 1, profile.password_manager_enabled: false, safebrowsing.enabled: true}}, pageLoadStrategy: eager, platformName: any, unhandledPromptBehavior: accept}]}]\nselenide.url: https://www.investing.com/equities/tesla-motors\nCapabilities {acceptInsecureCerts: true, browserName: chrome, goog:chromeOptions: {args: [--headless=new, --proxy-bypass-list=<-loopb..., --disable-dev-shm-usage, --disable-background-networ..., --enable-features=NetworkSe..., --disable-background-timer-..., --disable-backgrounding-occ..., --disable-breakpad, --disable-client-side-phish..., --disable-component-extensi..., --disable-default-apps, --disable-features=TranslateUI, --disable-hang-monitor, --disable-ipc-flooding-prot..., --disable-popup-blocking, --disable-prompt-on-repost, --disable-renderer-backgrou..., --disable-sync, --force-color-profile=srgb, --metrics-recording-only, --no-first-run, --password-store=basic, --use-mock-keychain, --hide-scrollbars, --mute-audio, --window-size=1920,1200, --disable-gpu, --ignore-certificate-errors, --no-sandbox, --remote-allow-origins=*, --verbose], excludeSwitches: [enable-automation, load-extension], extensions: [], prefs: {credentials_enable_service: false, plugins.always_open_pdf_externally: true, profile.default_content_setting_values.automatic_downloads: 1, profile.password_manager_enabled: false, safebrowsing.enabled: true}}, pageLoadStrategy: eager, platformName: any, unhandledPromptBehavior: accept}\nselenide.baseUrl: https://www.investing.com","time":{"start":1712510856703,"stop":1712510856722,"duration":19}},{"uid":"149658d9a832d420","reportUrl":"https://MRC81.github.io/Cucumber_Selenide/11//#testresult/149658d9a832d420","status":"failed","statusDetails":"Element should be visible {[data-test='weekRange']}\nElement: 'Ups, failed to describe the element [caused by: TimeoutException: java.util.concurrent.TimeoutException]'\nTimeout: 8 s.\nCaused by: TimeoutException: java.util.concurrent.TimeoutException","time":{"start":1712496365613,"stop":1712496950011,"duration":584398}},{"uid":"f330df32a0ab21e3","reportUrl":"https://MRC81.github.io/Cucumber_Selenide/10//#testresult/f330df32a0ab21e3","status":"failed","statusDetails":"Element should be visible {[data-test='weekRange']}\nElement: 'Ups, failed to describe the element [caused by: TimeoutException: java.util.concurrent.TimeoutException]'\nTimeout: 8 s.\nCaused by: TimeoutException: java.util.concurrent.TimeoutException","time":{"start":1712494913910,"stop":1712495497875,"duration":583965}},{"uid":"88b13a2a3b15e049","reportUrl":"https://MRC81.github.io/Cucumber_Selenide/2//#testresult/88b13a2a3b15e049","status":"broken","statusDetails":"Unable to open '/equities/tesla-motors' page, see the traces: \norg.openqa.selenium.SessionNotCreatedException: Could not start a new session. Response code 500. Message: session not created: Chrome failed to start: exited normally.\n  (session not created: DevToolsActivePort file doesn't exist)\n  (The process started from chrome location /usr/bin/google-chrome is no longer running, so ChromeDriver is assuming that Chrome has crashed.) \nHost info: host: 'fv-az984-800', ip: '10.1.0.81'\nBuild info: version: '4.19.1', revision: 'abe0ee07dc'\nSystem info: os.name: 'Linux', os.arch: 'amd64', os.version: '6.5.0-1017-azure', java.version: '17.0.10'\nDriver info: org.openqa.selenium.chrome.ChromeDriver\nCommand: [null, newSession {capabilities=[Capabilities {acceptInsecureCerts: true, browserName: chrome, goog:chromeOptions: {args: [--proxy-bypass-list=<-loopb..., --disable-dev-shm-usage, --window-size=1920,1200, --disable-gpu, --ignore-certificate-errors, --no-sandbox, --remote-allow-origins=*, --verbose], binary: /usr/bin/google-chrome, excludeSwitches: [enable-automation, load-extension], extensions: [], prefs: {credentials_enable_service: false, download.default_directory: /home/runner/work/Cucumber_..., plugins.always_open_pdf_externally: true, profile.default_content_setting_values.automatic_downloads: 1, profile.password_manager_enabled: false, safebrowsing.enabled: true}}, pageLoadStrategy: eager, platformName: any, unhandledPromptBehavior: accept}]}]\nselenide.url: https://www.investing.com/equities/tesla-motors\nselenide.baseUrl: https://www.investing.com","time":{"start":1712495782643,"stop":1712495782849,"duration":206}}]},"fb882a0c3e7c2197b631c91ca93f9ac8":{"statistic":{"failed":9,"broken":22,"skipped":0,"passed":3,"unknown":0,"total":34},"items":[{"uid":"b0978e9ad08298f4","reportUrl":"https://MRC81.github.io/Cucumber_Selenide/21//#testresult/b0978e9ad08298f4","status":"passed","time":{"start":1718547062697,"stop":1718547066829,"duration":4132}},{"uid":"d9a22c7f229ed1a2","reportUrl":"https://MRC81.github.io/Cucumber_Selenide/20//#testresult/d9a22c7f229ed1a2","status":"broken","statusDetails":"Unable to open '/' page, see the traces: \norg.openqa.selenium.remote.NoSuchDriverException: Unable to obtain: Capabilities {acceptInsecureCerts: true, browserName: chrome, goog:chromeOptions: {args: [--headless=new, --proxy-bypass-list=<-loopb..., --disable-dev-shm-usage, --disable-background-networ..., --enable-features=NetworkSe..., --disable-background-timer-..., --disable-backgrounding-occ..., --disable-breakpad, --disable-client-side-phish..., --disable-component-extensi..., --disable-default-apps, --disable-features=TranslateUI, --disable-hang-monitor, --disable-ipc-flooding-prot..., --disable-popup-blocking, --disable-prompt-on-repost, --disable-renderer-backgrou..., --disable-sync, --force-color-profile=srgb, --metrics-recording-only, --no-first-run, --password-store=basic, --use-mock-keychain, --hide-scrollbars, --mute-audio, --window-size=1920,1200, --no-sandbox, --remote-allow-origins=*, --verbose, --disable-gpu, --ignore-certificate-errors], excludeSwitches: [enable-automation, load-extension], extensions: [], prefs: {credentials_enable_service: false, download.default_directory: /home/runner/work/Cucumber_..., plugins.always_open_pdf_externally: true, profile.default_content_setting_values.automatic_downloads: 1, profile.password_manager_enabled: false, safebrowsing.enabled: true}}, pageLoadStrategy: eager, platformName: any, unhandledPromptBehavior: accept}, error Command failed with code: 65, executed: [--browser, chrome, --language-binding, java, --output, json, --browser-version, latest]\nchrome latest not available for download (minimum version: 113)\nBuild info: version: '4.19.1', revision: 'abe0ee07dc'\nSystem info: os.name: 'Linux', os.arch: 'amd64', os.version: '6.5.0-1021-azure', java.version: '17.0.11'\nDriver info: driver.version: SelenideDriver","time":{"start":1718545977642,"stop":1718545977719,"duration":77}},{"uid":"9af8127669d95672","reportUrl":"https://MRC81.github.io/Cucumber_Selenide/19//#testresult/9af8127669d95672","status":"broken","statusDetails":"Unable to open '/' page, see the traces: \norg.openqa.selenium.SessionNotCreatedException: Could not start a new session. Response code 500. Message: session not created: This version of ChromeDriver only supports Chrome version 128\nCurrent browser version is 125.0.6422.141 with binary path /usr/bin/google-chrome \nHost info: host: 'fv-az1205-493', ip: '10.1.0.50'\nBuild info: version: '4.19.1', revision: 'abe0ee07dc'\nSystem info: os.name: 'Linux', os.arch: 'amd64', os.version: '6.5.0-1021-azure', java.version: '17.0.11'\nDriver info: org.openqa.selenium.chrome.ChromeDriver\nCommand: [null, newSession {capabilities=[Capabilities {acceptInsecureCerts: true, browserName: chrome, goog:chromeOptions: {args: [--headless=new, --proxy-bypass-list=<-loopb..., --disable-dev-shm-usage, --disable-background-networ..., --enable-features=NetworkSe..., --disable-background-timer-..., --disable-backgrounding-occ..., --disable-breakpad, --disable-client-side-phish..., --disable-component-extensi..., --disable-default-apps, --disable-features=TranslateUI, --disable-hang-monitor, --disable-ipc-flooding-prot..., --disable-popup-blocking, --disable-prompt-on-repost, --disable-renderer-backgrou..., --disable-sync, --force-color-profile=srgb, --metrics-recording-only, --no-first-run, --password-store=basic, --use-mock-keychain, --hide-scrollbars, --mute-audio, --window-size=1920,1200, --no-sandbox, --remote-allow-origins=*, --verbose, --disable-gpu, --ignore-certificate-errors], binary: /usr/bin/google-chrome, excludeSwitches: [enable-automation, load-extension], extensions: [], prefs: {credentials_enable_service: false, download.default_directory: /home/runner/work/Cucumber_..., plugins.always_open_pdf_externally: true, profile.default_content_setting_values.automatic_downloads: 1, profile.password_manager_enabled: false, safebrowsing.enabled: true}}, pageLoadStrategy: eager, platformName: any, unhandledPromptBehavior: accept}]}]\nselenide.url: https://www.investing.com/\nselenide.baseUrl: https://www.investing.com","time":{"start":1718545141840,"stop":1718545142167,"duration":327}},{"uid":"17798b7ef698155e","reportUrl":"https://MRC81.github.io/Cucumber_Selenide/18//#testresult/17798b7ef698155e","status":"broken","statusDetails":"Unable to open '/' page, see the traces: \norg.openqa.selenium.remote.NoSuchDriverException: Unable to obtain: Capabilities {acceptInsecureCerts: true, browserName: chrome, goog:chromeOptions: {args: [--headless=new, --proxy-bypass-list=<-loopb..., --disable-dev-shm-usage, --disable-background-networ..., --enable-features=NetworkSe..., --disable-background-timer-..., --disable-backgrounding-occ..., --disable-breakpad, --disable-client-side-phish..., --disable-component-extensi..., --disable-default-apps, --disable-features=TranslateUI, --disable-hang-monitor, --disable-ipc-flooding-prot..., --disable-popup-blocking, --disable-prompt-on-repost, --disable-renderer-backgrou..., --disable-sync, --force-color-profile=srgb, --metrics-recording-only, --no-first-run, --password-store=basic, --use-mock-keychain, --hide-scrollbars, --mute-audio, --window-size=1920,1200, --no-sandbox, --remote-allow-origins=*, --verbose, --disable-gpu, --ignore-certificate-errors], excludeSwitches: [enable-automation, load-extension], extensions: [], prefs: {credentials_enable_service: false, download.default_directory: /home/runner/work/Cucumber_..., plugins.always_open_pdf_externally: true, profile.default_content_setting_values.automatic_downloads: 1, profile.password_manager_enabled: false, safebrowsing.enabled: true}}, pageLoadStrategy: eager, platformName: any, unhandledPromptBehavior: accept}, error Command failed with code: 65, executed: [--browser, chrome, --language-binding, java, --output, json, --browser-version, latest]\nchrome latest not available for download (minimum version: 113)\nBuild info: version: '4.19.1', revision: 'abe0ee07dc'\nSystem info: os.name: 'Linux', os.arch: 'amd64', os.version: '6.5.0-1021-azure', java.version: '17.0.11'\nDriver info: driver.version: SelenideDriver","time":{"start":1718543672513,"stop":1718543672590,"duration":77}},{"uid":"3b761cf6af8266c8","reportUrl":"https://MRC81.github.io/Cucumber_Selenide/17//#testresult/3b761cf6af8266c8","status":"broken","statusDetails":"Unable to open '/' page, see the traces: \norg.openqa.selenium.remote.NoSuchDriverException: Unable to obtain: Capabilities {acceptInsecureCerts: true, browserName: chrome, goog:chromeOptions: {args: [--headless=new, --proxy-bypass-list=<-loopb..., --disable-dev-shm-usage, --disable-background-networ..., --enable-features=NetworkSe..., --disable-background-timer-..., --disable-backgrounding-occ..., --disable-breakpad, --disable-client-side-phish..., --disable-component-extensi..., --disable-default-apps, --disable-features=TranslateUI, --disable-hang-monitor, --disable-ipc-flooding-prot..., --disable-popup-blocking, --disable-prompt-on-repost, --disable-renderer-backgrou..., --disable-sync, --force-color-profile=srgb, --metrics-recording-only, --no-first-run, --password-store=basic, --use-mock-keychain, --hide-scrollbars, --mute-audio, --window-size=1920,1200, --no-sandbox, --remote-allow-origins=*, --verbose, --disable-gpu, --ignore-certificate-errors], excludeSwitches: [enable-automation, load-extension], extensions: [], prefs: {credentials_enable_service: false, download.default_directory: /home/runner/work/Cucumber_..., plugins.always_open_pdf_externally: true, profile.default_content_setting_values.automatic_downloads: 1, profile.password_manager_enabled: false, safebrowsing.enabled: true}}, pageLoadStrategy: eager, platformName: any, unhandledPromptBehavior: accept}, error Command failed with code: 65, executed: [--browser, chrome, --language-binding, java, --output, json, --browser-version, latest]\nchrome latest not available for download (minimum version: 113)\nBuild info: version: '4.19.1', revision: 'abe0ee07dc'\nSystem info: os.name: 'Linux', os.arch: 'amd64', os.version: '6.5.0-1021-azure', java.version: '17.0.11'\nDriver info: driver.version: SelenideDriver","time":{"start":1718139905290,"stop":1718139905375,"duration":85}},{"uid":"cce98e74ae1fee9f","reportUrl":"https://MRC81.github.io/Cucumber_Selenide/13//#testresult/cce98e74ae1fee9f","status":"broken","statusDetails":"Unable to open '/' page, see the traces: \norg.openqa.selenium.TimeoutException: java.util.concurrent.TimeoutException\nBuild info: version: '4.19.1', revision: 'abe0ee07dc'\nSystem info: os.name: 'Linux', os.arch: 'amd64', os.version: '6.5.0-1021-azure', java.version: '17.0.11'\nDriver info: org.openqa.selenium.chrome.ChromeDriver\nCommand: [a0595fdcb9467227d3616dfe34799f0e, getTitle {}]\nselenide.url: https://www.investing.com/\nCapabilities {acceptInsecureCerts: true, browserName: chrome, browserVersion: 125.0.6422.60, chrome: {chromedriverVersion: 125.0.6422.60 (3ac3319bff9f..., userDataDir: /tmp/.org.chromium.Chromium...}, fedcm:accounts: true, goog:chromeOptions: {debuggerAddress: localhost:46831}, networkConnectionEnabled: false, pageLoadStrategy: eager, platformName: linux, proxy: Proxy(), se:cdp: ws://localhost:46831/devtoo..., se:cdpVersion: 125.0.6422.60, setWindowRect: true, strictFileInteractability: false, timeouts: {implicit: 0, pageLoad: 300000, script: 30000}, unhandledPromptBehavior: accept, webauthn:extension:credBlob: true, webauthn:extension:largeBlob: true, webauthn:extension:minPinLength: true, webauthn:extension:prf: true, webauthn:virtualAuthenticators: true}\nselenide.baseUrl: https://www.investing.com\nSession ID: a0595fdcb9467227d3616dfe34799f0e","time":{"start":1716299205387,"stop":1716299565398,"duration":360011}},{"uid":"6f2e8da39d904046","reportUrl":"https://MRC81.github.io/Cucumber_Selenide/12//#testresult/6f2e8da39d904046","status":"broken","statusDetails":"Unable to open '/' page, see the traces: \norg.openqa.selenium.SessionNotCreatedException: Could not start a new session. Response code 500. Message: Unable to find a matching set of capabilities \nHost info: host: 'fv-az585-661', ip: '10.1.0.65'\nBuild info: version: '4.19.1', revision: 'abe0ee07dc'\nSystem info: os.name: 'Linux', os.arch: 'amd64', os.version: '6.5.0-1021-azure', java.version: '17.0.11'\nDriver info: org.openqa.selenium.firefox.FirefoxDriver\nCommand: [null, newSession {capabilities=[Capabilities {acceptInsecureCerts: true, browserName: firefox, moz:debuggerAddress: true, moz:firefoxOptions: {args: [-headless], binary: /usr/bin/firefox, prefs: {browser.download.dir: /home/runner/work/Cucumber_..., browser.download.folderList: 2, browser.helperApps.neverAsk.saveToDisk: video/3gpp;video/3gpp2;appl..., network.automatic-ntlm-auth.allow-non-fqdn: true, network.automatic-ntlm-auth.trusted-uris: http://,https://, network.http.phishy-userpass-length: 255, network.negotiate-auth.delegation-uris: http://,https://, network.negotiate-auth.trusted-uris: http://,https://, network.proxy.allow_hijacking_localhost: true, network.proxy.no_proxies_on: , pdfjs.disabled: true, security.csp.enable: false}}, pageLoadStrategy: eager, platformName: any, unhandledPromptBehavior: accept}]}]\nselenide.url: https://www.investing.com/\nselenide.baseUrl: https://www.investing.com","time":{"start":1716192058745,"stop":1716192059145,"duration":400}},{"uid":"d7a40318e8701b97","reportUrl":"https://MRC81.github.io/Cucumber_Selenide/11//#testresult/d7a40318e8701b97","status":"broken","statusDetails":"Unable to open '/' page, see the traces: \norg.openqa.selenium.TimeoutException: java.util.concurrent.TimeoutException\nBuild info: version: '4.19.1', revision: 'abe0ee07dc'\nSystem info: os.name: 'Linux', os.arch: 'amd64', os.version: '6.5.0-1021-azure', java.version: '17.0.11'\nDriver info: org.openqa.selenium.chrome.ChromeDriver\nCommand: [7191553c79a7f3a473dfe567214ef583, getTitle {}]\nselenide.url: https://www.investing.com/\nCapabilities {acceptInsecureCerts: true, browserName: chrome, browserVersion: 125.0.6422.60, chrome: {chromedriverVersion: 125.0.6422.60 (3ac3319bff9f..., userDataDir: /tmp/.org.chromium.Chromium...}, fedcm:accounts: true, goog:chromeOptions: {debuggerAddress: localhost:43921}, networkConnectionEnabled: false, pageLoadStrategy: eager, platformName: linux, proxy: Proxy(), se:cdp: ws://localhost:43921/devtoo..., se:cdpVersion: 125.0.6422.60, setWindowRect: true, strictFileInteractability: false, timeouts: {implicit: 0, pageLoad: 300000, script: 30000}, unhandledPromptBehavior: accept, webauthn:extension:credBlob: true, webauthn:extension:largeBlob: true, webauthn:extension:minPinLength: true, webauthn:extension:prf: true, webauthn:virtualAuthenticators: true}\nselenide.baseUrl: https://www.investing.com\nSession ID: 7191553c79a7f3a473dfe567214ef583","time":{"start":1716143809327,"stop":1716144169337,"duration":360010}},{"uid":"6ffa6881c562d835","reportUrl":"https://MRC81.github.io/Cucumber_Selenide/4//#testresult/6ffa6881c562d835","status":"failed","statusDetails":"Element not found {By.chained({[class*='EditionSelector_editions__popup'],li a span[class*='text']})}\nExpected: TextsInAnyOrder [English (UK), Русский, English (India), Türkçe, English (Canada), العربية, English (Australia), Ελληνικά, English (South Africa), Svenska, English (Philippines), Suomi, English (Nigeria), עברית, Deutsch, 日本語, Español (España), 한국어, Español (México), 简体中文, Français, 繁體中文, Italiano, Bahasa Indonesia, Nederlands, Bahasa Melayu, Português (Portugal), ไทย, Polski, Tiếng Việt, Português (Brasil), हिंदी]\nTimeout: 8 s.\nCaused by: TimeoutException: java.net.http.HttpTimeoutException: request timed out","time":{"start":1716142221513,"stop":1716142316557,"duration":95044}},{"uid":"24f758fb8dc9a762","reportUrl":"https://MRC81.github.io/Cucumber_Selenide/16//#testresult/24f758fb8dc9a762","status":"passed","time":{"start":1716142056432,"stop":1716142059627,"duration":3195}},{"uid":"cb9437e187e6f064","reportUrl":"https://MRC81.github.io/Cucumber_Selenide/10//#testresult/cb9437e187e6f064","status":"broken","statusDetails":"Unable to open '/' page, see the traces: \norg.openqa.selenium.TimeoutException: java.util.concurrent.TimeoutException\nBuild info: version: '4.19.1', revision: 'abe0ee07dc'\nSystem info: os.name: 'Linux', os.arch: 'amd64', os.version: '6.5.0-1021-azure', java.version: '17.0.11'\nDriver info: org.openqa.selenium.chrome.ChromeDriver\nCommand: [35e37b6126710607f3159c0d9102e04a, getTitle {}]\nselenide.url: https://www.investing.com/\nCapabilities {acceptInsecureCerts: true, browserName: chrome, browserVersion: 125.0.6422.60, chrome: {chromedriverVersion: 125.0.6422.60 (3ac3319bff9f..., userDataDir: /tmp/.org.chromium.Chromium...}, fedcm:accounts: true, goog:chromeOptions: {debuggerAddress: localhost:41237}, networkConnectionEnabled: false, pageLoadStrategy: eager, platformName: linux, proxy: Proxy(), se:cdp: ws://localhost:41237/devtoo..., se:cdpVersion: 125.0.6422.60, setWindowRect: true, strictFileInteractability: false, timeouts: {implicit: 0, pageLoad: 300000, script: 30000}, unhandledPromptBehavior: accept, webauthn:extension:credBlob: true, webauthn:extension:largeBlob: true, webauthn:extension:minPinLength: true, webauthn:extension:prf: true, webauthn:virtualAuthenticators: true}\nselenide.baseUrl: https://www.investing.com\nSession ID: 35e37b6126710607f3159c0d9102e04a","time":{"start":1716136614304,"stop":1716136974329,"duration":360025}},{"uid":"680d091c5f04973a","reportUrl":"https://MRC81.github.io/Cucumber_Selenide/15//#testresult/680d091c5f04973a","status":"failed","statusDetails":"Element should be visible (because The Edition popup is not displayed) {[class*='EditionSelector_editions__popup']}\nElement: '<div class=\"popup_popup__t_FyN popup_popup--top__u_sUB popup_primary__Lb1mP popup_regular__YzEzn EditionSelector_editions__popup__KE60R popup_popup--hidden__0VdoL\" data-tail=\"top\" displayed:false>TimeoutException: java.util.concurrent.TimeoutException</TimeoutException: java.util.concurrent.TimeoutException>'\nActual value: hidden\nTimeout: 5 s.","time":{"start":1716136033542,"stop":1716136756764,"duration":723222}},{"uid":"1e078898ba37fb71","reportUrl":"https://MRC81.github.io/Cucumber_Selenide/9//#testresult/1e078898ba37fb71","status":"broken","statusDetails":"Unable to open '/' page, see the traces: \norg.openqa.selenium.TimeoutException: java.util.concurrent.TimeoutException\nBuild info: version: '4.19.1', revision: 'abe0ee07dc'\nSystem info: os.name: 'Linux', os.arch: 'amd64', os.version: '6.5.0-1021-azure', java.version: '17.0.11'\nDriver info: org.openqa.selenium.chrome.ChromeDriver\nCommand: [790f9da82ff1bb69e25e793610819d9a, getTitle {}]\nselenide.url: https://www.investing.com/\nCapabilities {acceptInsecureCerts: true, browserName: chrome, browserVersion: 125.0.6422.60, chrome: {chromedriverVersion: 125.0.6422.60 (3ac3319bff9f..., userDataDir: /tmp/.org.chromium.Chromium...}, fedcm:accounts: true, goog:chromeOptions: {debuggerAddress: localhost:40955}, networkConnectionEnabled: false, pageLoadStrategy: eager, platformName: linux, proxy: Proxy(), se:cdp: ws://localhost:40955/devtoo..., se:cdpVersion: 125.0.6422.60, setWindowRect: true, strictFileInteractability: false, timeouts: {implicit: 0, pageLoad: 300000, script: 30000}, unhandledPromptBehavior: accept, webauthn:extension:credBlob: true, webauthn:extension:largeBlob: true, webauthn:extension:minPinLength: true, webauthn:extension:prf: true, webauthn:virtualAuthenticators: true}\nselenide.baseUrl: https://www.investing.com\nSession ID: 790f9da82ff1bb69e25e793610819d9a","time":{"start":1716134556631,"stop":1716134916641,"duration":360010}},{"uid":"11d41bf2278df811","reportUrl":"https://MRC81.github.io/Cucumber_Selenide/14//#testresult/11d41bf2278df811","status":"failed","statusDetails":"Element should be visible (because The Edition popup is not displayed) {[class*='EditionSelector_editions__popup']}\nElement: 'Ups, failed to describe the element [caused by: TimeoutException: java.util.concurrent.TimeoutException]'\nActual value: hidden\nTimeout: 5 s.","time":{"start":1716133239982,"stop":1716133783055,"duration":543073}},{"uid":"8d14af47034e2f33","reportUrl":"https://MRC81.github.io/Cucumber_Selenide/13//#testresult/8d14af47034e2f33","status":"broken","statusDetails":"Unable to open '/' page, see the traces: \norg.openqa.selenium.TimeoutException: java.util.concurrent.TimeoutException\nBuild info: version: '4.19.1', revision: 'abe0ee07dc'\nSystem info: os.name: 'Linux', os.arch: 'amd64', os.version: '6.5.0-1017-azure', java.version: '17.0.10'\nDriver info: org.openqa.selenium.chrome.ChromeDriver\nCommand: [bd6099432b976ee1419c750744d19341, getTitle {}]\nselenide.url: https://www.investing.com/\nCapabilities {acceptInsecureCerts: true, browserName: chrome, browserVersion: 123.0.6312.105, chrome: {chromedriverVersion: 123.0.6312.86 (9b72c47a0536..., userDataDir: /tmp/.org.chromium.Chromium...}, fedcm:accounts: true, goog:chromeOptions: {debuggerAddress: localhost:41059}, networkConnectionEnabled: false, pageLoadStrategy: eager, platformName: linux, proxy: Proxy(), se:cdp: ws://localhost:41059/devtoo..., se:cdpVersion: 123.0.6312.105, setWindowRect: true, strictFileInteractability: false, timeouts: {implicit: 0, pageLoad: 300000, script: 30000}, unhandledPromptBehavior: accept, webauthn:extension:credBlob: true, webauthn:extension:largeBlob: true, webauthn:extension:minPinLength: true, webauthn:extension:prf: true, webauthn:virtualAuthenticators: true}\nselenide.baseUrl: https://www.investing.com\nSession ID: bd6099432b976ee1419c750744d19341","time":{"start":1712565033501,"stop":1712565393516,"duration":360015}},{"uid":"39f8696920100559","reportUrl":"https://MRC81.github.io/Cucumber_Selenide/3//#testresult/39f8696920100559","status":"failed","statusDetails":"Element not found {By.chained({[class*='EditionSelector_editions__popup'],li a span[class*='text']})}\nExpected: TextsInAnyOrder [English (UK), Русский, English (India), Türkçe, English (Canada), العربية, English (Australia), Ελληνικά, English (South Africa), Svenska, English (Philippines), Suomi, English (Nigeria), עברית, Deutsch, 日本語, Español (España), 한국어, Español (México), 简体中文, Français, 繁體中文, Italiano, Bahasa Indonesia, Nederlands, Bahasa Melayu, Português (Portugal), ไทย, Polski, Tiếng Việt, Português (Brasil), हिंदी]\nTimeout: 8 s.\nCaused by: TimeoutException: java.util.concurrent.TimeoutException","time":{"start":1712510989926,"stop":1712511084116,"duration":94190}},{"uid":"c9882bcc77930ef0","reportUrl":"https://MRC81.github.io/Cucumber_Selenide/12//#testresult/c9882bcc77930ef0","status":"broken","statusDetails":"Unable to open '/' page, see the traces: \norg.openqa.selenium.SessionNotCreatedException: Could not start a new session. Possible causes are invalid address of the remote server or browser start-up failure. \nHost info: host: 'fv-az698-614', ip: '10.1.0.74'\nBuild info: version: '4.19.1', revision: 'abe0ee07dc'\nSystem info: os.name: 'Linux', os.arch: 'amd64', os.version: '6.5.0-1017-azure', java.version: '17.0.10'\nselenide.remote: http://localhost:4444/wd/hub\nDriver info: org.openqa.selenium.remote.RemoteWebDriver\nCommand: [null, newSession {capabilities=[Capabilities {acceptInsecureCerts: true, browserName: chrome, goog:chromeOptions: {args: [--headless=new, --proxy-bypass-list=<-loopb..., --disable-dev-shm-usage, --disable-background-networ..., --enable-features=NetworkSe..., --disable-background-timer-..., --disable-backgrounding-occ..., --disable-breakpad, --disable-client-side-phish..., --disable-component-extensi..., --disable-default-apps, --disable-features=TranslateUI, --disable-hang-monitor, --disable-ipc-flooding-prot..., --disable-popup-blocking, --disable-prompt-on-repost, --disable-renderer-backgrou..., --disable-sync, --force-color-profile=srgb, --metrics-recording-only, --no-first-run, --password-store=basic, --use-mock-keychain, --hide-scrollbars, --mute-audio, --window-size=1920,1200, --disable-gpu, --ignore-certificate-errors, --no-sandbox, --remote-allow-origins=*, --verbose], excludeSwitches: [enable-automation, load-extension], extensions: [], prefs: {credentials_enable_service: false, plugins.always_open_pdf_externally: true, profile.default_content_setting_values.automatic_downloads: 1, profile.password_manager_enabled: false, safebrowsing.enabled: true}}, pageLoadStrategy: eager, platformName: any, unhandledPromptBehavior: accept}]}]\nselenide.url: https://www.investing.com/\nCapabilities {acceptInsecureCerts: true, browserName: chrome, goog:chromeOptions: {args: [--headless=new, --proxy-bypass-list=<-loopb..., --disable-dev-shm-usage, --disable-background-networ..., --enable-features=NetworkSe..., --disable-background-timer-..., --disable-backgrounding-occ..., --disable-breakpad, --disable-client-side-phish..., --disable-component-extensi..., --disable-default-apps, --disable-features=TranslateUI, --disable-hang-monitor, --disable-ipc-flooding-prot..., --disable-popup-blocking, --disable-prompt-on-repost, --disable-renderer-backgrou..., --disable-sync, --force-color-profile=srgb, --metrics-recording-only, --no-first-run, --password-store=basic, --use-mock-keychain, --hide-scrollbars, --mute-audio, --window-size=1920,1200, --disable-gpu, --ignore-certificate-errors, --no-sandbox, --remote-allow-origins=*, --verbose], excludeSwitches: [enable-automation, load-extension], extensions: [], prefs: {credentials_enable_service: false, plugins.always_open_pdf_externally: true, profile.default_content_setting_values.automatic_downloads: 1, profile.password_manager_enabled: false, safebrowsing.enabled: true}}, pageLoadStrategy: eager, platformName: any, unhandledPromptBehavior: accept}\nselenide.baseUrl: https://www.investing.com","time":{"start":1712510856758,"stop":1712510856775,"duration":17}},{"uid":"79658a440f104f6c","reportUrl":"https://MRC81.github.io/Cucumber_Selenide/11//#testresult/79658a440f104f6c","status":"failed","statusDetails":"Element not found {[class*='EditionSelector_editions__popup']}\nExpected: visible (because The Edition popup is not displayed)\nTimeout: 5 s.\nCaused by: TimeoutException: java.util.concurrent.TimeoutException","time":{"start":1712496950096,"stop":1712497355605,"duration":405509}},{"uid":"4a0ca2bd7c5ff2eb","reportUrl":"https://MRC81.github.io/Cucumber_Selenide/10//#testresult/4a0ca2bd7c5ff2eb","status":"failed","statusDetails":"Element not found {[class*='EditionSelector_editions__popup']}\nExpected: visible (because The Edition popup is not displayed)\nTimeout: 3 s.\nCaused by: TimeoutException: java.util.concurrent.TimeoutException","time":{"start":1712495497907,"stop":1712495902270,"duration":404363}},{"uid":"50d97a38fbdd3674","reportUrl":"https://MRC81.github.io/Cucumber_Selenide/2//#testresult/50d97a38fbdd3674","status":"broken","statusDetails":"Unable to open '/' page, see the traces: \norg.openqa.selenium.SessionNotCreatedException: Could not start a new session. Response code 500. Message: session not created: Chrome failed to start: exited normally.\n  (session not created: DevToolsActivePort file doesn't exist)\n  (The process started from chrome location /usr/bin/google-chrome is no longer running, so ChromeDriver is assuming that Chrome has crashed.) \nHost info: host: 'fv-az984-800', ip: '10.1.0.81'\nBuild info: version: '4.19.1', revision: 'abe0ee07dc'\nSystem info: os.name: 'Linux', os.arch: 'amd64', os.version: '6.5.0-1017-azure', java.version: '17.0.10'\nDriver info: org.openqa.selenium.chrome.ChromeDriver\nCommand: [null, newSession {capabilities=[Capabilities {acceptInsecureCerts: true, browserName: chrome, goog:chromeOptions: {args: [--proxy-bypass-list=<-loopb..., --disable-dev-shm-usage, --window-size=1920,1200, --disable-gpu, --ignore-certificate-errors, --no-sandbox, --remote-allow-origins=*, --verbose], binary: /usr/bin/google-chrome, excludeSwitches: [enable-automation, load-extension], extensions: [], prefs: {credentials_enable_service: false, download.default_directory: /home/runner/work/Cucumber_..., plugins.always_open_pdf_externally: true, profile.default_content_setting_values.automatic_downloads: 1, profile.password_manager_enabled: false, safebrowsing.enabled: true}}, pageLoadStrategy: eager, platformName: any, unhandledPromptBehavior: accept}]}]\nselenide.url: https://www.investing.com/\nselenide.baseUrl: https://www.investing.com","time":{"start":1712495782867,"stop":1712495783070,"duration":203}}]},"d26e6be40197e945fec7b4e76cb62fb":{"statistic":{"failed":5,"broken":17,"skipped":0,"passed":12,"unknown":0,"total":34},"items":[{"uid":"779aebb15fc9ca93","reportUrl":"https://MRC81.github.io/Cucumber_Selenide/21//#testresult/779aebb15fc9ca93","status":"passed","time":{"start":1718547045792,"stop":1718547057879,"duration":12087}},{"uid":"9faf699b35ce83d1","reportUrl":"https://MRC81.github.io/Cucumber_Selenide/20//#testresult/9faf699b35ce83d1","status":"broken","statusDetails":"Unable to open '/equities/gamestop-corp' page, see the traces: \norg.openqa.selenium.remote.NoSuchDriverException: Unable to obtain: Capabilities {acceptInsecureCerts: true, browserName: chrome, goog:chromeOptions: {args: [--headless=new, --proxy-bypass-list=<-loopb..., --disable-dev-shm-usage, --disable-background-networ..., --enable-features=NetworkSe..., --disable-background-timer-..., --disable-backgrounding-occ..., --disable-breakpad, --disable-client-side-phish..., --disable-component-extensi..., --disable-default-apps, --disable-features=TranslateUI, --disable-hang-monitor, --disable-ipc-flooding-prot..., --disable-popup-blocking, --disable-prompt-on-repost, --disable-renderer-backgrou..., --disable-sync, --force-color-profile=srgb, --metrics-recording-only, --no-first-run, --password-store=basic, --use-mock-keychain, --hide-scrollbars, --mute-audio, --window-size=1920,1200, --no-sandbox, --remote-allow-origins=*, --verbose, --disable-gpu, --ignore-certificate-errors], excludeSwitches: [enable-automation, load-extension], extensions: [], prefs: {credentials_enable_service: false, download.default_directory: /home/runner/work/Cucumber_..., plugins.always_open_pdf_externally: true, profile.default_content_setting_values.automatic_downloads: 1, profile.password_manager_enabled: false, safebrowsing.enabled: true}}, pageLoadStrategy: eager, platformName: any, unhandledPromptBehavior: accept}, error Command failed with code: 65, executed: [--browser, chrome, --language-binding, java, --output, json, --browser-version, latest]\nchrome latest not available for download (minimum version: 113)\nBuild info: version: '4.19.1', revision: 'abe0ee07dc'\nSystem info: os.name: 'Linux', os.arch: 'amd64', os.version: '6.5.0-1021-azure', java.version: '17.0.11'\nDriver info: driver.version: SelenideDriver","time":{"start":1718545975685,"stop":1718545977400,"duration":1715}},{"uid":"a31661686217d6c0","reportUrl":"https://MRC81.github.io/Cucumber_Selenide/19//#testresult/a31661686217d6c0","status":"broken","statusDetails":"Unable to open '/equities/gamestop-corp' page, see the traces: \norg.openqa.selenium.SessionNotCreatedException: Could not start a new session. Response code 500. Message: session not created: This version of ChromeDriver only supports Chrome version 128\nCurrent browser version is 125.0.6422.141 with binary path /usr/bin/google-chrome \nHost info: host: 'fv-az1205-493', ip: '10.1.0.50'\nBuild info: version: '4.19.1', revision: 'abe0ee07dc'\nSystem info: os.name: 'Linux', os.arch: 'amd64', os.version: '6.5.0-1021-azure', java.version: '17.0.11'\nDriver info: org.openqa.selenium.chrome.ChromeDriver\nCommand: [null, newSession {capabilities=[Capabilities {acceptInsecureCerts: true, browserName: chrome, goog:chromeOptions: {args: [--headless=new, --proxy-bypass-list=<-loopb..., --disable-dev-shm-usage, --disable-background-networ..., --enable-features=NetworkSe..., --disable-background-timer-..., --disable-backgrounding-occ..., --disable-breakpad, --disable-client-side-phish..., --disable-component-extensi..., --disable-default-apps, --disable-features=TranslateUI, --disable-hang-monitor, --disable-ipc-flooding-prot..., --disable-popup-blocking, --disable-prompt-on-repost, --disable-renderer-backgrou..., --disable-sync, --force-color-profile=srgb, --metrics-recording-only, --no-first-run, --password-store=basic, --use-mock-keychain, --hide-scrollbars, --mute-audio, --window-size=1920,1200, --no-sandbox, --remote-allow-origins=*, --verbose, --disable-gpu, --ignore-certificate-errors], binary: /usr/bin/google-chrome, excludeSwitches: [enable-automation, load-extension], extensions: [], prefs: {credentials_enable_service: false, download.default_directory: /home/runner/work/Cucumber_..., plugins.always_open_pdf_externally: true, profile.default_content_setting_values.automatic_downloads: 1, profile.password_manager_enabled: false, safebrowsing.enabled: true}}, pageLoadStrategy: eager, platformName: any, unhandledPromptBehavior: accept}]}]\nselenide.url: https://www.investing.com/equities/gamestop-corp\nselenide.baseUrl: https://www.investing.com","time":{"start":1718545116885,"stop":1718545141023,"duration":24138}},{"uid":"32d57ef712fed2b4","reportUrl":"https://MRC81.github.io/Cucumber_Selenide/18//#testresult/32d57ef712fed2b4","status":"broken","statusDetails":"Unable to open '/equities/gamestop-corp' page, see the traces: \norg.openqa.selenium.remote.NoSuchDriverException: Unable to obtain: Capabilities {acceptInsecureCerts: true, browserName: chrome, goog:chromeOptions: {args: [--headless=new, --proxy-bypass-list=<-loopb..., --disable-dev-shm-usage, --disable-background-networ..., --enable-features=NetworkSe..., --disable-background-timer-..., --disable-backgrounding-occ..., --disable-breakpad, --disable-client-side-phish..., --disable-component-extensi..., --disable-default-apps, --disable-features=TranslateUI, --disable-hang-monitor, --disable-ipc-flooding-prot..., --disable-popup-blocking, --disable-prompt-on-repost, --disable-renderer-backgrou..., --disable-sync, --force-color-profile=srgb, --metrics-recording-only, --no-first-run, --password-store=basic, --use-mock-keychain, --hide-scrollbars, --mute-audio, --window-size=1920,1200, --no-sandbox, --remote-allow-origins=*, --verbose, --disable-gpu, --ignore-certificate-errors], excludeSwitches: [enable-automation, load-extension], extensions: [], prefs: {credentials_enable_service: false, download.default_directory: /home/runner/work/Cucumber_..., plugins.always_open_pdf_externally: true, profile.default_content_setting_values.automatic_downloads: 1, profile.password_manager_enabled: false, safebrowsing.enabled: true}}, pageLoadStrategy: eager, platformName: any, unhandledPromptBehavior: accept}, error Command failed with code: 65, executed: [--browser, chrome, --language-binding, java, --output, json, --browser-version, latest]\nchrome latest not available for download (minimum version: 113)\nBuild info: version: '4.19.1', revision: 'abe0ee07dc'\nSystem info: os.name: 'Linux', os.arch: 'amd64', os.version: '6.5.0-1021-azure', java.version: '17.0.11'\nDriver info: driver.version: SelenideDriver","time":{"start":1718543670190,"stop":1718543672273,"duration":2083}},{"uid":"b6c787ca11befb14","reportUrl":"https://MRC81.github.io/Cucumber_Selenide/17//#testresult/b6c787ca11befb14","status":"broken","statusDetails":"Unable to open '/equities/gamestop-corp' page, see the traces: \norg.openqa.selenium.remote.NoSuchDriverException: Unable to obtain: Capabilities {acceptInsecureCerts: true, browserName: chrome, goog:chromeOptions: {args: [--headless=new, --proxy-bypass-list=<-loopb..., --disable-dev-shm-usage, --disable-background-networ..., --enable-features=NetworkSe..., --disable-background-timer-..., --disable-backgrounding-occ..., --disable-breakpad, --disable-client-side-phish..., --disable-component-extensi..., --disable-default-apps, --disable-features=TranslateUI, --disable-hang-monitor, --disable-ipc-flooding-prot..., --disable-popup-blocking, --disable-prompt-on-repost, --disable-renderer-backgrou..., --disable-sync, --force-color-profile=srgb, --metrics-recording-only, --no-first-run, --password-store=basic, --use-mock-keychain, --hide-scrollbars, --mute-audio, --window-size=1920,1200, --no-sandbox, --remote-allow-origins=*, --verbose, --disable-gpu, --ignore-certificate-errors], excludeSwitches: [enable-automation, load-extension], extensions: [], prefs: {credentials_enable_service: false, download.default_directory: /home/runner/work/Cucumber_..., plugins.always_open_pdf_externally: true, profile.default_content_setting_values.automatic_downloads: 1, profile.password_manager_enabled: false, safebrowsing.enabled: true}}, pageLoadStrategy: eager, platformName: any, unhandledPromptBehavior: accept}, error Command failed with code: 65, executed: [--browser, chrome, --language-binding, java, --output, json, --browser-version, latest]\nchrome latest not available for download (minimum version: 113)\nBuild info: version: '4.19.1', revision: 'abe0ee07dc'\nSystem info: os.name: 'Linux', os.arch: 'amd64', os.version: '6.5.0-1021-azure', java.version: '17.0.11'\nDriver info: driver.version: SelenideDriver","time":{"start":1718139901296,"stop":1718139905007,"duration":3711}},{"uid":"1e03731874e1311d","reportUrl":"https://MRC81.github.io/Cucumber_Selenide/13//#testresult/1e03731874e1311d","status":"failed","statusDetails":"TimeoutException: java.util.concurrent.TimeoutException\nTimeout: 8 s.\nCaused by: TimeoutException: java.util.concurrent.TimeoutException","time":{"start":1716297925165,"stop":1716298485285,"duration":560120}},{"uid":"1e6872af5f8ec7ec","reportUrl":"https://MRC81.github.io/Cucumber_Selenide/12//#testresult/1e6872af5f8ec7ec","status":"broken","statusDetails":"Unable to open '/equities/gamestop-corp' page, see the traces: \norg.openqa.selenium.SessionNotCreatedException: Could not start a new session. Response code 500. Message: Unable to find a matching set of capabilities \nHost info: host: 'fv-az585-661', ip: '10.1.0.65'\nBuild info: version: '4.19.1', revision: 'abe0ee07dc'\nSystem info: os.name: 'Linux', os.arch: 'amd64', os.version: '6.5.0-1021-azure', java.version: '17.0.11'\nDriver info: org.openqa.selenium.firefox.FirefoxDriver\nCommand: [null, newSession {capabilities=[Capabilities {acceptInsecureCerts: true, browserName: firefox, moz:debuggerAddress: true, moz:firefoxOptions: {args: [-headless], binary: /usr/bin/firefox, prefs: {browser.download.dir: /home/runner/work/Cucumber_..., browser.download.folderList: 2, browser.helperApps.neverAsk.saveToDisk: video/3gpp;video/3gpp2;appl..., network.automatic-ntlm-auth.allow-non-fqdn: true, network.automatic-ntlm-auth.trusted-uris: http://,https://, network.http.phishy-userpass-length: 255, network.negotiate-auth.delegation-uris: http://,https://, network.negotiate-auth.trusted-uris: http://,https://, network.proxy.allow_hijacking_localhost: true, network.proxy.no_proxies_on: , pdfjs.disabled: true, security.csp.enable: false}}, pageLoadStrategy: eager, platformName: any, unhandledPromptBehavior: accept}]}]\nselenide.url: https://www.investing.com/equities/gamestop-corp\nselenide.baseUrl: https://www.investing.com","time":{"start":1716192052782,"stop":1716192057865,"duration":5083}},{"uid":"bbeae1b6575a1d3a","reportUrl":"https://MRC81.github.io/Cucumber_Selenide/11//#testresult/bbeae1b6575a1d3a","status":"failed","statusDetails":"Element should be visible {[data-test='weekRange']}\nElement: 'Ups, failed to describe the element [caused by: TimeoutException: java.util.concurrent.TimeoutException]'\nTimeout: 8 s.\nCaused by: TimeoutException: java.util.concurrent.TimeoutException","time":{"start":1716142347832,"stop":1716143089246,"duration":741414}},{"uid":"93c1f00c8d60a8e6","reportUrl":"https://MRC81.github.io/Cucumber_Selenide/4//#testresult/93c1f00c8d60a8e6","status":"passed","time":{"start":1716142209137,"stop":1716142214154,"duration":5017}},{"uid":"e93d0f4dcb489ce","reportUrl":"https://MRC81.github.io/Cucumber_Selenide/16//#testresult/e93d0f4dcb489ce","status":"passed","time":{"start":1716142046794,"stop":1716142051784,"duration":4990}},{"uid":"df96aba7b642b98f","reportUrl":"https://MRC81.github.io/Cucumber_Selenide/10//#testresult/df96aba7b642b98f","status":"passed","time":{"start":1716136064465,"stop":1716136068600,"duration":4135}},{"uid":"993ca2ac1358a9cb","reportUrl":"https://MRC81.github.io/Cucumber_Selenide/15//#testresult/993ca2ac1358a9cb","status":"passed","time":{"start":1716136020586,"stop":1716136029225,"duration":8639}},{"uid":"a1df5db8b675eb81","reportUrl":"https://MRC81.github.io/Cucumber_Selenide/9//#testresult/a1df5db8b675eb81","status":"failed","statusDetails":"TimeoutException: java.util.concurrent.TimeoutException\nTimeout: 8 s.\nCaused by: TimeoutException: java.util.concurrent.TimeoutException","time":{"start":1716133285108,"stop":1716133836532,"duration":551424}},{"uid":"fc6489910f18cd19","reportUrl":"https://MRC81.github.io/Cucumber_Selenide/14//#testresult/fc6489910f18cd19","status":"passed","time":{"start":1716133231674,"stop":1716133235715,"duration":4041}},{"uid":"735c66c3b5ea26fa","reportUrl":"https://MRC81.github.io/Cucumber_Selenide/13//#testresult/735c66c3b5ea26fa","status":"passed","time":{"start":1712564117722,"stop":1712564130907,"duration":13185}},{"uid":"88145bb8ee6f1c72","reportUrl":"https://MRC81.github.io/Cucumber_Selenide/3//#testresult/88145bb8ee6f1c72","status":"passed","time":{"start":1712510979202,"stop":1712510983521,"duration":4319}},{"uid":"5d49ef6d4097c51b","reportUrl":"https://MRC81.github.io/Cucumber_Selenide/12//#testresult/5d49ef6d4097c51b","status":"broken","statusDetails":"Unable to open '/equities/gamestop-corp' page, see the traces: \norg.openqa.selenium.SessionNotCreatedException: Could not start a new session. Possible causes are invalid address of the remote server or browser start-up failure. \nHost info: host: 'fv-az698-614', ip: '10.1.0.74'\nBuild info: version: '4.19.1', revision: 'abe0ee07dc'\nSystem info: os.name: 'Linux', os.arch: 'amd64', os.version: '6.5.0-1017-azure', java.version: '17.0.10'\nselenide.remote: http://localhost:4444/wd/hub\nDriver info: org.openqa.selenium.remote.RemoteWebDriver\nCommand: [null, newSession {capabilities=[Capabilities {acceptInsecureCerts: true, browserName: chrome, goog:chromeOptions: {args: [--headless=new, --proxy-bypass-list=<-loopb..., --disable-dev-shm-usage, --disable-background-networ..., --enable-features=NetworkSe..., --disable-background-timer-..., --disable-backgrounding-occ..., --disable-breakpad, --disable-client-side-phish..., --disable-component-extensi..., --disable-default-apps, --disable-features=TranslateUI, --disable-hang-monitor, --disable-ipc-flooding-prot..., --disable-popup-blocking, --disable-prompt-on-repost, --disable-renderer-backgrou..., --disable-sync, --force-color-profile=srgb, --metrics-recording-only, --no-first-run, --password-store=basic, --use-mock-keychain, --hide-scrollbars, --mute-audio, --window-size=1920,1200, --disable-gpu, --ignore-certificate-errors, --no-sandbox, --remote-allow-origins=*, --verbose], excludeSwitches: [enable-automation, load-extension], extensions: [], prefs: {credentials_enable_service: false, plugins.always_open_pdf_externally: true, profile.default_content_setting_values.automatic_downloads: 1, profile.password_manager_enabled: false, safebrowsing.enabled: true}}, pageLoadStrategy: eager, platformName: any, unhandledPromptBehavior: accept}]}]\nselenide.url: https://www.investing.com/equities/gamestop-corp\nCapabilities {acceptInsecureCerts: true, browserName: chrome, goog:chromeOptions: {args: [--headless=new, --proxy-bypass-list=<-loopb..., --disable-dev-shm-usage, --disable-background-networ..., --enable-features=NetworkSe..., --disable-background-timer-..., --disable-backgrounding-occ..., --disable-breakpad, --disable-client-side-phish..., --disable-component-extensi..., --disable-default-apps, --disable-features=TranslateUI, --disable-hang-monitor, --disable-ipc-flooding-prot..., --disable-popup-blocking, --disable-prompt-on-repost, --disable-renderer-backgrou..., --disable-sync, --force-color-profile=srgb, --metrics-recording-only, --no-first-run, --password-store=basic, --use-mock-keychain, --hide-scrollbars, --mute-audio, --window-size=1920,1200, --disable-gpu, --ignore-certificate-errors, --no-sandbox, --remote-allow-origins=*, --verbose], excludeSwitches: [enable-automation, load-extension], extensions: [], prefs: {credentials_enable_service: false, plugins.always_open_pdf_externally: true, profile.default_content_setting_values.automatic_downloads: 1, profile.password_manager_enabled: false, safebrowsing.enabled: true}}, pageLoadStrategy: eager, platformName: any, unhandledPromptBehavior: accept}\nselenide.baseUrl: https://www.investing.com","time":{"start":1712510856030,"stop":1712510856626,"duration":596}},{"uid":"4caa4f83a36a133a","reportUrl":"https://MRC81.github.io/Cucumber_Selenide/11//#testresult/4caa4f83a36a133a","status":"failed","statusDetails":"Element not found {[data-test='weekRange']}\nExpected: visible\nTimeout: 8 s.\nCaused by: TimeoutException: java.util.concurrent.TimeoutException","time":{"start":1712495551339,"stop":1712495961634,"duration":410295}},{"uid":"d62423684bdd6483","reportUrl":"https://MRC81.github.io/Cucumber_Selenide/10//#testresult/d62423684bdd6483","status":"failed","statusDetails":"TimeoutException: java.util.concurrent.TimeoutException\nTimeout: 8 s.\nCaused by: TimeoutException: java.util.concurrent.TimeoutException","time":{"start":1712494484591,"stop":1712494911060,"duration":426469}},{"uid":"808d45494d0bd833","reportUrl":"https://MRC81.github.io/Cucumber_Selenide/2//#testresult/808d45494d0bd833","status":"broken","statusDetails":"Unable to open '/equities/gamestop-corp' page, see the traces: \norg.openqa.selenium.SessionNotCreatedException: Could not start a new session. Response code 500. Message: session not created: Chrome failed to start: exited normally.\n  (session not created: DevToolsActivePort file doesn't exist)\n  (The process started from chrome location /usr/bin/google-chrome is no longer running, so ChromeDriver is assuming that Chrome has crashed.) \nHost info: host: 'fv-az984-800', ip: '10.1.0.81'\nBuild info: version: '4.19.1', revision: 'abe0ee07dc'\nSystem info: os.name: 'Linux', os.arch: 'amd64', os.version: '6.5.0-1017-azure', java.version: '17.0.10'\nDriver info: org.openqa.selenium.chrome.ChromeDriver\nCommand: [null, newSession {capabilities=[Capabilities {acceptInsecureCerts: true, browserName: chrome, goog:chromeOptions: {args: [--proxy-bypass-list=<-loopb..., --disable-dev-shm-usage, --window-size=1920,1200, --disable-gpu, --ignore-certificate-errors, --no-sandbox, --remote-allow-origins=*, --verbose], binary: /usr/bin/google-chrome, excludeSwitches: [enable-automation, load-extension], extensions: [], prefs: {credentials_enable_service: false, download.default_directory: /home/runner/work/Cucumber_..., plugins.always_open_pdf_externally: true, profile.default_content_setting_values.automatic_downloads: 1, profile.password_manager_enabled: false, safebrowsing.enabled: true}}, pageLoadStrategy: eager, platformName: any, unhandledPromptBehavior: accept}]}]\nselenide.url: https://www.investing.com/equities/gamestop-corp\nselenide.baseUrl: https://www.investing.com","time":{"start":1712495773753,"stop":1712495782367,"duration":8614}}]},"62a12bad96fcd021f8d43018daae83e8":{"statistic":{"failed":2,"broken":21,"skipped":0,"passed":11,"unknown":0,"total":34},"items":[{"uid":"431d148352d13841","reportUrl":"https://MRC81.github.io/Cucumber_Selenide/21//#testresult/431d148352d13841","status":"passed","time":{"start":1718547057898,"stop":1718547060264,"duration":2366}},{"uid":"de2e7bf93299f325","reportUrl":"https://MRC81.github.io/Cucumber_Selenide/20//#testresult/de2e7bf93299f325","status":"broken","statusDetails":"Unable to open '/equities/apple-computer-inc' page, see the traces: \norg.openqa.selenium.remote.NoSuchDriverException: Unable to obtain: Capabilities {acceptInsecureCerts: true, browserName: chrome, goog:chromeOptions: {args: [--headless=new, --proxy-bypass-list=<-loopb..., --disable-dev-shm-usage, --disable-background-networ..., --enable-features=NetworkSe..., --disable-background-timer-..., --disable-backgrounding-occ..., --disable-breakpad, --disable-client-side-phish..., --disable-component-extensi..., --disable-default-apps, --disable-features=TranslateUI, --disable-hang-monitor, --disable-ipc-flooding-prot..., --disable-popup-blocking, --disable-prompt-on-repost, --disable-renderer-backgrou..., --disable-sync, --force-color-profile=srgb, --metrics-recording-only, --no-first-run, --password-store=basic, --use-mock-keychain, --hide-scrollbars, --mute-audio, --window-size=1920,1200, --no-sandbox, --remote-allow-origins=*, --verbose, --disable-gpu, --ignore-certificate-errors], excludeSwitches: [enable-automation, load-extension], extensions: [], prefs: {credentials_enable_service: false, download.default_directory: /home/runner/work/Cucumber_..., plugins.always_open_pdf_externally: true, profile.default_content_setting_values.automatic_downloads: 1, profile.password_manager_enabled: false, safebrowsing.enabled: true}}, pageLoadStrategy: eager, platformName: any, unhandledPromptBehavior: accept}, error Command failed with code: 65, executed: [--browser, chrome, --language-binding, java, --output, json, --browser-version, latest]\nchrome latest not available for download (minimum version: 113)\nBuild info: version: '4.19.1', revision: 'abe0ee07dc'\nSystem info: os.name: 'Linux', os.arch: 'amd64', os.version: '6.5.0-1021-azure', java.version: '17.0.11'\nDriver info: driver.version: SelenideDriver","time":{"start":1718545977421,"stop":1718545977505,"duration":84}},{"uid":"9678acdadd085200","reportUrl":"https://MRC81.github.io/Cucumber_Selenide/19//#testresult/9678acdadd085200","status":"broken","statusDetails":"Unable to open '/equities/apple-computer-inc' page, see the traces: \norg.openqa.selenium.SessionNotCreatedException: Could not start a new session. Response code 500. Message: session not created: This version of ChromeDriver only supports Chrome version 128\nCurrent browser version is 125.0.6422.141 with binary path /usr/bin/google-chrome \nHost info: host: 'fv-az1205-493', ip: '10.1.0.50'\nBuild info: version: '4.19.1', revision: 'abe0ee07dc'\nSystem info: os.name: 'Linux', os.arch: 'amd64', os.version: '6.5.0-1021-azure', java.version: '17.0.11'\nDriver info: org.openqa.selenium.chrome.ChromeDriver\nCommand: [null, newSession {capabilities=[Capabilities {acceptInsecureCerts: true, browserName: chrome, goog:chromeOptions: {args: [--headless=new, --proxy-bypass-list=<-loopb..., --disable-dev-shm-usage, --disable-background-networ..., --enable-features=NetworkSe..., --disable-background-timer-..., --disable-backgrounding-occ..., --disable-breakpad, --disable-client-side-phish..., --disable-component-extensi..., --disable-default-apps, --disable-features=TranslateUI, --disable-hang-monitor, --disable-ipc-flooding-prot..., --disable-popup-blocking, --disable-prompt-on-repost, --disable-renderer-backgrou..., --disable-sync, --force-color-profile=srgb, --metrics-recording-only, --no-first-run, --password-store=basic, --use-mock-keychain, --hide-scrollbars, --mute-audio, --window-size=1920,1200, --no-sandbox, --remote-allow-origins=*, --verbose, --disable-gpu, --ignore-certificate-errors], binary: /usr/bin/google-chrome, excludeSwitches: [enable-automation, load-extension], extensions: [], prefs: {credentials_enable_service: false, download.default_directory: /home/runner/work/Cucumber_..., plugins.always_open_pdf_externally: true, profile.default_content_setting_values.automatic_downloads: 1, profile.password_manager_enabled: false, safebrowsing.enabled: true}}, pageLoadStrategy: eager, platformName: any, unhandledPromptBehavior: accept}]}]\nselenide.url: https://www.investing.com/equities/apple-computer-inc\nselenide.baseUrl: https://www.investing.com","time":{"start":1718545141045,"stop":1718545141493,"duration":448}},{"uid":"110b8437965fcf21","reportUrl":"https://MRC81.github.io/Cucumber_Selenide/18//#testresult/110b8437965fcf21","status":"broken","statusDetails":"Unable to open '/equities/apple-computer-inc' page, see the traces: \norg.openqa.selenium.remote.NoSuchDriverException: Unable to obtain: Capabilities {acceptInsecureCerts: true, browserName: chrome, goog:chromeOptions: {args: [--headless=new, --proxy-bypass-list=<-loopb..., --disable-dev-shm-usage, --disable-background-networ..., --enable-features=NetworkSe..., --disable-background-timer-..., --disable-backgrounding-occ..., --disable-breakpad, --disable-client-side-phish..., --disable-component-extensi..., --disable-default-apps, --disable-features=TranslateUI, --disable-hang-monitor, --disable-ipc-flooding-prot..., --disable-popup-blocking, --disable-prompt-on-repost, --disable-renderer-backgrou..., --disable-sync, --force-color-profile=srgb, --metrics-recording-only, --no-first-run, --password-store=basic, --use-mock-keychain, --hide-scrollbars, --mute-audio, --window-size=1920,1200, --no-sandbox, --remote-allow-origins=*, --verbose, --disable-gpu, --ignore-certificate-errors], excludeSwitches: [enable-automation, load-extension], extensions: [], prefs: {credentials_enable_service: false, download.default_directory: /home/runner/work/Cucumber_..., plugins.always_open_pdf_externally: true, profile.default_content_setting_values.automatic_downloads: 1, profile.password_manager_enabled: false, safebrowsing.enabled: true}}, pageLoadStrategy: eager, platformName: any, unhandledPromptBehavior: accept}, error Command failed with code: 65, executed: [--browser, chrome, --language-binding, java, --output, json, --browser-version, latest]\nchrome latest not available for download (minimum version: 113)\nBuild info: version: '4.19.1', revision: 'abe0ee07dc'\nSystem info: os.name: 'Linux', os.arch: 'amd64', os.version: '6.5.0-1021-azure', java.version: '17.0.11'\nDriver info: driver.version: SelenideDriver","time":{"start":1718543672294,"stop":1718543672391,"duration":97}},{"uid":"9b43143ce17a9eea","reportUrl":"https://MRC81.github.io/Cucumber_Selenide/17//#testresult/9b43143ce17a9eea","status":"broken","statusDetails":"Unable to open '/equities/apple-computer-inc' page, see the traces: \norg.openqa.selenium.remote.NoSuchDriverException: Unable to obtain: Capabilities {acceptInsecureCerts: true, browserName: chrome, goog:chromeOptions: {args: [--headless=new, --proxy-bypass-list=<-loopb..., --disable-dev-shm-usage, --disable-background-networ..., --enable-features=NetworkSe..., --disable-background-timer-..., --disable-backgrounding-occ..., --disable-breakpad, --disable-client-side-phish..., --disable-component-extensi..., --disable-default-apps, --disable-features=TranslateUI, --disable-hang-monitor, --disable-ipc-flooding-prot..., --disable-popup-blocking, --disable-prompt-on-repost, --disable-renderer-backgrou..., --disable-sync, --force-color-profile=srgb, --metrics-recording-only, --no-first-run, --password-store=basic, --use-mock-keychain, --hide-scrollbars, --mute-audio, --window-size=1920,1200, --no-sandbox, --remote-allow-origins=*, --verbose, --disable-gpu, --ignore-certificate-errors], excludeSwitches: [enable-automation, load-extension], extensions: [], prefs: {credentials_enable_service: false, download.default_directory: /home/runner/work/Cucumber_..., plugins.always_open_pdf_externally: true, profile.default_content_setting_values.automatic_downloads: 1, profile.password_manager_enabled: false, safebrowsing.enabled: true}}, pageLoadStrategy: eager, platformName: any, unhandledPromptBehavior: accept}, error Command failed with code: 65, executed: [--browser, chrome, --language-binding, java, --output, json, --browser-version, latest]\nchrome latest not available for download (minimum version: 113)\nBuild info: version: '4.19.1', revision: 'abe0ee07dc'\nSystem info: os.name: 'Linux', os.arch: 'amd64', os.version: '6.5.0-1021-azure', java.version: '17.0.11'\nDriver info: driver.version: SelenideDriver","time":{"start":1718139905030,"stop":1718139905131,"duration":101}},{"uid":"cd5246280a25490c","reportUrl":"https://MRC81.github.io/Cucumber_Selenide/13//#testresult/cd5246280a25490c","status":"broken","statusDetails":"Unable to open '/equities/apple-computer-inc' page, see the traces: \norg.openqa.selenium.TimeoutException: java.util.concurrent.TimeoutException\nBuild info: version: '4.19.1', revision: 'abe0ee07dc'\nSystem info: os.name: 'Linux', os.arch: 'amd64', os.version: '6.5.0-1021-azure', java.version: '17.0.11'\nDriver info: org.openqa.selenium.chrome.ChromeDriver\nCommand: [a0595fdcb9467227d3616dfe34799f0e, getTitle {}]\nselenide.url: https://www.investing.com/equities/apple-computer-inc\nCapabilities {acceptInsecureCerts: true, browserName: chrome, browserVersion: 125.0.6422.60, chrome: {chromedriverVersion: 125.0.6422.60 (3ac3319bff9f..., userDataDir: /tmp/.org.chromium.Chromium...}, fedcm:accounts: true, goog:chromeOptions: {debuggerAddress: localhost:46831}, networkConnectionEnabled: false, pageLoadStrategy: eager, platformName: linux, proxy: Proxy(), se:cdp: ws://localhost:46831/devtoo..., se:cdpVersion: 125.0.6422.60, setWindowRect: true, strictFileInteractability: false, timeouts: {implicit: 0, pageLoad: 300000, script: 30000}, unhandledPromptBehavior: accept, webauthn:extension:credBlob: true, webauthn:extension:largeBlob: true, webauthn:extension:minPinLength: true, webauthn:extension:prf: true, webauthn:virtualAuthenticators: true}\nselenide.baseUrl: https://www.investing.com\nSession ID: a0595fdcb9467227d3616dfe34799f0e","time":{"start":1716298485335,"stop":1716298845348,"duration":360013}},{"uid":"c9414dae1831e445","reportUrl":"https://MRC81.github.io/Cucumber_Selenide/12//#testresult/c9414dae1831e445","status":"broken","statusDetails":"Unable to open '/equities/apple-computer-inc' page, see the traces: \norg.openqa.selenium.SessionNotCreatedException: Could not start a new session. Response code 500. Message: Unable to find a matching set of capabilities \nHost info: host: 'fv-az585-661', ip: '10.1.0.65'\nBuild info: version: '4.19.1', revision: 'abe0ee07dc'\nSystem info: os.name: 'Linux', os.arch: 'amd64', os.version: '6.5.0-1021-azure', java.version: '17.0.11'\nDriver info: org.openqa.selenium.firefox.FirefoxDriver\nCommand: [null, newSession {capabilities=[Capabilities {acceptInsecureCerts: true, browserName: firefox, moz:debuggerAddress: true, moz:firefoxOptions: {args: [-headless], binary: /usr/bin/firefox, prefs: {browser.download.dir: /home/runner/work/Cucumber_..., browser.download.folderList: 2, browser.helperApps.neverAsk.saveToDisk: video/3gpp;video/3gpp2;appl..., network.automatic-ntlm-auth.allow-non-fqdn: true, network.automatic-ntlm-auth.trusted-uris: http://,https://, network.http.phishy-userpass-length: 255, network.negotiate-auth.delegation-uris: http://,https://, network.negotiate-auth.trusted-uris: http://,https://, network.proxy.allow_hijacking_localhost: true, network.proxy.no_proxies_on: , pdfjs.disabled: true, security.csp.enable: false}}, pageLoadStrategy: eager, platformName: any, unhandledPromptBehavior: accept}]}]\nselenide.url: https://www.investing.com/equities/apple-computer-inc\nselenide.baseUrl: https://www.investing.com","time":{"start":1716192057918,"stop":1716192058347,"duration":429}},{"uid":"a042f0fb1ab9c48f","reportUrl":"https://MRC81.github.io/Cucumber_Selenide/11//#testresult/a042f0fb1ab9c48f","status":"broken","statusDetails":"Unable to open '/equities/apple-computer-inc' page, see the traces: \norg.openqa.selenium.TimeoutException: java.util.concurrent.TimeoutException\nBuild info: version: '4.19.1', revision: 'abe0ee07dc'\nSystem info: os.name: 'Linux', os.arch: 'amd64', os.version: '6.5.0-1021-azure', java.version: '17.0.11'\nDriver info: org.openqa.selenium.chrome.ChromeDriver\nCommand: [7191553c79a7f3a473dfe567214ef583, getTitle {}]\nselenide.url: https://www.investing.com/equities/apple-computer-inc\nCapabilities {acceptInsecureCerts: true, browserName: chrome, browserVersion: 125.0.6422.60, chrome: {chromedriverVersion: 125.0.6422.60 (3ac3319bff9f..., userDataDir: /tmp/.org.chromium.Chromium...}, fedcm:accounts: true, goog:chromeOptions: {debuggerAddress: localhost:43921}, networkConnectionEnabled: false, pageLoadStrategy: eager, platformName: linux, proxy: Proxy(), se:cdp: ws://localhost:43921/devtoo..., se:cdpVersion: 125.0.6422.60, setWindowRect: true, strictFileInteractability: false, timeouts: {implicit: 0, pageLoad: 300000, script: 30000}, unhandledPromptBehavior: accept, webauthn:extension:credBlob: true, webauthn:extension:largeBlob: true, webauthn:extension:minPinLength: true, webauthn:extension:prf: true, webauthn:virtualAuthenticators: true}\nselenide.baseUrl: https://www.investing.com\nSession ID: 7191553c79a7f3a473dfe567214ef583","time":{"start":1716143089273,"stop":1716143449298,"duration":360025}},{"uid":"4e92aba1035cdbb7","reportUrl":"https://MRC81.github.io/Cucumber_Selenide/4//#testresult/4e92aba1035cdbb7","status":"passed","time":{"start":1716142214173,"stop":1716142217707,"duration":3534}},{"uid":"80e43f7540b0bfca","reportUrl":"https://MRC81.github.io/Cucumber_Selenide/16//#testresult/80e43f7540b0bfca","status":"passed","time":{"start":1716142051801,"stop":1716142054204,"duration":2403}},{"uid":"207c5d2ae836c9e5","reportUrl":"https://MRC81.github.io/Cucumber_Selenide/10//#testresult/207c5d2ae836c9e5","status":"passed","time":{"start":1716136068615,"stop":1716136071118,"duration":2503}},{"uid":"d9aa0ca179a65837","reportUrl":"https://MRC81.github.io/Cucumber_Selenide/15//#testresult/d9aa0ca179a65837","status":"passed","time":{"start":1716136029252,"stop":1716136031331,"duration":2079}},{"uid":"794eb727310a351d","reportUrl":"https://MRC81.github.io/Cucumber_Selenide/9//#testresult/794eb727310a351d","status":"broken","statusDetails":"Unable to open '/equities/apple-computer-inc' page, see the traces: \norg.openqa.selenium.TimeoutException: java.util.concurrent.TimeoutException\nBuild info: version: '4.19.1', revision: 'abe0ee07dc'\nSystem info: os.name: 'Linux', os.arch: 'amd64', os.version: '6.5.0-1021-azure', java.version: '17.0.11'\nDriver info: org.openqa.selenium.chrome.ChromeDriver\nCommand: [790f9da82ff1bb69e25e793610819d9a, getTitle {}]\nselenide.url: https://www.investing.com/equities/apple-computer-inc\nCapabilities {acceptInsecureCerts: true, browserName: chrome, browserVersion: 125.0.6422.60, chrome: {chromedriverVersion: 125.0.6422.60 (3ac3319bff9f..., userDataDir: /tmp/.org.chromium.Chromium...}, fedcm:accounts: true, goog:chromeOptions: {debuggerAddress: localhost:40955}, networkConnectionEnabled: false, pageLoadStrategy: eager, platformName: linux, proxy: Proxy(), se:cdp: ws://localhost:40955/devtoo..., se:cdpVersion: 125.0.6422.60, setWindowRect: true, strictFileInteractability: false, timeouts: {implicit: 0, pageLoad: 300000, script: 30000}, unhandledPromptBehavior: accept, webauthn:extension:credBlob: true, webauthn:extension:largeBlob: true, webauthn:extension:minPinLength: true, webauthn:extension:prf: true, webauthn:virtualAuthenticators: true}\nselenide.baseUrl: https://www.investing.com\nSession ID: 790f9da82ff1bb69e25e793610819d9a","time":{"start":1716133836568,"stop":1716134196593,"duration":360025}},{"uid":"184498e4d5ece99b","reportUrl":"https://MRC81.github.io/Cucumber_Selenide/14//#testresult/184498e4d5ece99b","status":"passed","time":{"start":1716133235734,"stop":1716133237778,"duration":2044}},{"uid":"f266f6c47e739f13","reportUrl":"https://MRC81.github.io/Cucumber_Selenide/13//#testresult/f266f6c47e739f13","status":"failed","statusDetails":"TimeoutException: java.util.concurrent.TimeoutException\nTimeout: 8 s.\nCaused by: TimeoutException: java.util.concurrent.TimeoutException","time":{"start":1712564130926,"stop":1712564673454,"duration":542528}},{"uid":"2271296194d7e01a","reportUrl":"https://MRC81.github.io/Cucumber_Selenide/3//#testresult/2271296194d7e01a","status":"passed","time":{"start":1712510983549,"stop":1712510986769,"duration":3220}},{"uid":"f590dd0687004bcd","reportUrl":"https://MRC81.github.io/Cucumber_Selenide/12//#testresult/f590dd0687004bcd","status":"broken","statusDetails":"Unable to open '/equities/apple-computer-inc' page, see the traces: \norg.openqa.selenium.SessionNotCreatedException: Could not start a new session. Possible causes are invalid address of the remote server or browser start-up failure. \nHost info: host: 'fv-az698-614', ip: '10.1.0.74'\nBuild info: version: '4.19.1', revision: 'abe0ee07dc'\nSystem info: os.name: 'Linux', os.arch: 'amd64', os.version: '6.5.0-1017-azure', java.version: '17.0.10'\nselenide.remote: http://localhost:4444/wd/hub\nDriver info: org.openqa.selenium.remote.RemoteWebDriver\nCommand: [null, newSession {capabilities=[Capabilities {acceptInsecureCerts: true, browserName: chrome, goog:chromeOptions: {args: [--headless=new, --proxy-bypass-list=<-loopb..., --disable-dev-shm-usage, --disable-background-networ..., --enable-features=NetworkSe..., --disable-background-timer-..., --disable-backgrounding-occ..., --disable-breakpad, --disable-client-side-phish..., --disable-component-extensi..., --disable-default-apps, --disable-features=TranslateUI, --disable-hang-monitor, --disable-ipc-flooding-prot..., --disable-popup-blocking, --disable-prompt-on-repost, --disable-renderer-backgrou..., --disable-sync, --force-color-profile=srgb, --metrics-recording-only, --no-first-run, --password-store=basic, --use-mock-keychain, --hide-scrollbars, --mute-audio, --window-size=1920,1200, --disable-gpu, --ignore-certificate-errors, --no-sandbox, --remote-allow-origins=*, --verbose], excludeSwitches: [enable-automation, load-extension], extensions: [], prefs: {credentials_enable_service: false, plugins.always_open_pdf_externally: true, profile.default_content_setting_values.automatic_downloads: 1, profile.password_manager_enabled: false, safebrowsing.enabled: true}}, pageLoadStrategy: eager, platformName: any, unhandledPromptBehavior: accept}]}]\nselenide.url: https://www.investing.com/equities/apple-computer-inc\nCapabilities {acceptInsecureCerts: true, browserName: chrome, goog:chromeOptions: {args: [--headless=new, --proxy-bypass-list=<-loopb..., --disable-dev-shm-usage, --disable-background-networ..., --enable-features=NetworkSe..., --disable-background-timer-..., --disable-backgrounding-occ..., --disable-breakpad, --disable-client-side-phish..., --disable-component-extensi..., --disable-default-apps, --disable-features=TranslateUI, --disable-hang-monitor, --disable-ipc-flooding-prot..., --disable-popup-blocking, --disable-prompt-on-repost, --disable-renderer-backgrou..., --disable-sync, --force-color-profile=srgb, --metrics-recording-only, --no-first-run, --password-store=basic, --use-mock-keychain, --hide-scrollbars, --mute-audio, --window-size=1920,1200, --disable-gpu, --ignore-certificate-errors, --no-sandbox, --remote-allow-origins=*, --verbose], excludeSwitches: [enable-automation, load-extension], extensions: [], prefs: {credentials_enable_service: false, plugins.always_open_pdf_externally: true, profile.default_content_setting_values.automatic_downloads: 1, profile.password_manager_enabled: false, safebrowsing.enabled: true}}, pageLoadStrategy: eager, platformName: any, unhandledPromptBehavior: accept}\nselenide.baseUrl: https://www.investing.com","time":{"start":1712510856658,"stop":1712510856691,"duration":33}},{"uid":"7fef3e86930443db","reportUrl":"https://MRC81.github.io/Cucumber_Selenide/11//#testresult/7fef3e86930443db","status":"failed","statusDetails":"TimeoutException: java.util.concurrent.TimeoutException\nTimeout: 8 s.\nCaused by: TimeoutException: java.util.concurrent.TimeoutException","time":{"start":1712495961681,"stop":1712496365575,"duration":403894}},{"uid":"4bbf138b0bf9d312","reportUrl":"https://MRC81.github.io/Cucumber_Selenide/10//#testresult/4bbf138b0bf9d312","status":"passed","time":{"start":1712494911093,"stop":1712494913903,"duration":2810}},{"uid":"7d5995eb8c1bfee7","reportUrl":"https://MRC81.github.io/Cucumber_Selenide/2//#testresult/7d5995eb8c1bfee7","status":"broken","statusDetails":"Unable to open '/equities/apple-computer-inc' page, see the traces: \norg.openqa.selenium.SessionNotCreatedException: Could not start a new session. Response code 500. Message: session not created: Chrome failed to start: exited normally.\n  (session not created: DevToolsActivePort file doesn't exist)\n  (The process started from chrome location /usr/bin/google-chrome is no longer running, so ChromeDriver is assuming that Chrome has crashed.) \nHost info: host: 'fv-az984-800', ip: '10.1.0.81'\nBuild info: version: '4.19.1', revision: 'abe0ee07dc'\nSystem info: os.name: 'Linux', os.arch: 'amd64', os.version: '6.5.0-1017-azure', java.version: '17.0.10'\nDriver info: org.openqa.selenium.chrome.ChromeDriver\nCommand: [null, newSession {capabilities=[Capabilities {acceptInsecureCerts: true, browserName: chrome, goog:chromeOptions: {args: [--proxy-bypass-list=<-loopb..., --disable-dev-shm-usage, --window-size=1920,1200, --disable-gpu, --ignore-certificate-errors, --no-sandbox, --remote-allow-origins=*, --verbose], binary: /usr/bin/google-chrome, excludeSwitches: [enable-automation, load-extension], extensions: [], prefs: {credentials_enable_service: false, download.default_directory: /home/runner/work/Cucumber_..., plugins.always_open_pdf_externally: true, profile.default_content_setting_values.automatic_downloads: 1, profile.password_manager_enabled: false, safebrowsing.enabled: true}}, pageLoadStrategy: eager, platformName: any, unhandledPromptBehavior: accept}]}]\nselenide.url: https://www.investing.com/equities/apple-computer-inc\nselenide.baseUrl: https://www.investing.com","time":{"start":1712495782400,"stop":1712495782636,"duration":236}}]}}