{"uid":"4b4757e66a1912dae1a509f688f20b0f","children":[{"name":"Test defects","children":[{"name":"Unable to open '/equities/gamestop-corp' page, see the traces: \norg.openqa.selenium.remote.NoSuchDriverException: Unable to obtain: Capabilities {acceptInsecureCerts: true, browserName: chrome, goog:chromeOptions: {args: [--headless=new, --proxy-bypass-list=<-loopb..., --disable-dev-shm-usage, --disable-background-networ..., --enable-features=NetworkSe..., --disable-background-timer-..., --disable-backgrounding-occ..., --disable-breakpad, --disable-client-side-phish..., --disable-component-extensi..., --disable-default-apps, --disable-features=TranslateUI, --disable-hang-monitor, --disable-ipc-flooding-prot..., --disable-popup-blocking, --disable-prompt-on-repost, --disable-renderer-backgrou..., --disable-sync, --force-color-profile=srgb, --metrics-recording-only, --no-first-run, --password-store=basic, --use-mock-keychain, --hide-scrollbars, --mute-audio, --window-size=1920,1200, --no-sandbox, --remote-allow-origins=*, --verbose, --disable-gpu, --ignore-certificate-errors], excludeSwitches: [enable-automation, load-extension], extensions: [], prefs: {credentials_enable_service: false, download.default_directory: /home/runner/work/Cucumber_..., plugins.always_open_pdf_externally: true, profile.default_content_setting_values.automatic_downloads: 1, profile.password_manager_enabled: false, safebrowsing.enabled: true}}, pageLoadStrategy: eager, platformName: any, unhandledPromptBehavior: accept}, error Command failed with code: 65, executed: [--browser, chrome, --language-binding, java, --output, json, --browser-version, latest]\nchrome latest not available for download (minimum version: 113)\nBuild info: version: '4.19.1', revision: 'abe0ee07dc'\nSystem info: os.name: 'Linux', os.arch: 'amd64', os.version: '6.5.0-1021-azure', java.version: '17.0.11'\nDriver info: driver.version: SelenideDriver","children":[{"name":"Compare the current value with the 52 week range on the \"/equities/gamestop-corp\" page","uid":"9faf699b35ce83d1","parentUid":"d597f3c3246476bc63cf8dc73e9deeeb","status":"broken","time":{"start":1718545975685,"stop":1718545977400,"duration":1715},"flaky":false,"newFailed":false,"newPassed":false,"newBroken":false,"retriesCount":0,"retriesStatusChange":false,"parameters":["/equities/gamestop-corp"],"tags":["Equity"]}],"uid":"d597f3c3246476bc63cf8dc73e9deeeb"},{"name":"Unable to open '/equities/apple-computer-inc' page, see the traces: \norg.openqa.selenium.remote.NoSuchDriverException: Unable to obtain: Capabilities {acceptInsecureCerts: true, browserName: chrome, goog:chromeOptions: {args: [--headless=new, --proxy-bypass-list=<-loopb..., --disable-dev-shm-usage, --disable-background-networ..., --enable-features=NetworkSe..., --disable-background-timer-..., --disable-backgrounding-occ..., --disable-breakpad, --disable-client-side-phish..., --disable-component-extensi..., --disable-default-apps, --disable-features=TranslateUI, --disable-hang-monitor, --disable-ipc-flooding-prot..., --disable-popup-blocking, --disable-prompt-on-repost, --disable-renderer-backgrou..., --disable-sync, --force-color-profile=srgb, --metrics-recording-only, --no-first-run, --password-store=basic, --use-mock-keychain, --hide-scrollbars, --mute-audio, --window-size=1920,1200, --no-sandbox, --remote-allow-origins=*, --verbose, --disable-gpu, --ignore-certificate-errors], excludeSwitches: [enable-automation, load-extension], extensions: [], prefs: {credentials_enable_service: false, download.default_directory: /home/runner/work/Cucumber_..., plugins.always_open_pdf_externally: true, profile.default_content_setting_values.automatic_downloads: 1, profile.password_manager_enabled: false, safebrowsing.enabled: true}}, pageLoadStrategy: eager, platformName: any, unhandledPromptBehavior: accept}, error Command failed with code: 65, executed: [--browser, chrome, --language-binding, java, --output, json, --browser-version, latest]\nchrome latest not available for download (minimum version: 113)\nBuild info: version: '4.19.1', revision: 'abe0ee07dc'\nSystem info: os.name: 'Linux', os.arch: 'amd64', os.version: '6.5.0-1021-azure', java.version: '17.0.11'\nDriver info: driver.version: SelenideDriver","children":[{"name":"Compare the current value with the 52 week range on the \"/equities/apple-computer-inc\" page","uid":"de2e7bf93299f325","parentUid":"d1b46f1590430383764ea6cc72278424","status":"broken","time":{"start":1718545977421,"stop":1718545977505,"duration":84},"flaky":false,"newFailed":false,"newPassed":false,"newBroken":false,"retriesCount":0,"retriesStatusChange":false,"parameters":["/equities/apple-computer-inc"],"tags":["Equity"]}],"uid":"d1b46f1590430383764ea6cc72278424"},{"name":"Unable to open '/equities/tesla-motors' page, see the traces: \norg.openqa.selenium.remote.NoSuchDriverException: Unable to obtain: Capabilities {acceptInsecureCerts: true, browserName: chrome, goog:chromeOptions: {args: [--headless=new, --proxy-bypass-list=<-loopb..., --disable-dev-shm-usage, --disable-background-networ..., --enable-features=NetworkSe..., --disable-background-timer-..., --disable-backgrounding-occ..., --disable-breakpad, --disable-client-side-phish..., --disable-component-extensi..., --disable-default-apps, --disable-features=TranslateUI, --disable-hang-monitor, --disable-ipc-flooding-prot..., --disable-popup-blocking, --disable-prompt-on-repost, --disable-renderer-backgrou..., --disable-sync, --force-color-profile=srgb, --metrics-recording-only, --no-first-run, --password-store=basic, --use-mock-keychain, --hide-scrollbars, --mute-audio, --window-size=1920,1200, --no-sandbox, --remote-allow-origins=*, --verbose, --disable-gpu, --ignore-certificate-errors], excludeSwitches: [enable-automation, load-extension], extensions: [], prefs: {credentials_enable_service: false, download.default_directory: /home/runner/work/Cucumber_..., plugins.always_open_pdf_externally: true, profile.default_content_setting_values.automatic_downloads: 1, profile.password_manager_enabled: false, safebrowsing.enabled: true}}, pageLoadStrategy: eager, platformName: any, unhandledPromptBehavior: accept}, error Command failed with code: 65, executed: [--browser, chrome, --language-binding, java, --output, json, --browser-version, latest]\nchrome latest not available for download (minimum version: 113)\nBuild info: version: '4.19.1', revision: 'abe0ee07dc'\nSystem info: os.name: 'Linux', os.arch: 'amd64', os.version: '6.5.0-1021-azure', java.version: '17.0.11'\nDriver info: driver.version: SelenideDriver","children":[{"name":"Compare the current value with the 52 week range on the \"/equities/tesla-motors\" page","uid":"7d69c2055f8a41b","parentUid":"69aa73f287bf01bdec008f42db730e2a","status":"broken","time":{"start":1718545977519,"stop":1718545977613,"duration":94},"flaky":false,"newFailed":false,"newPassed":false,"newBroken":false,"retriesCount":0,"retriesStatusChange":false,"parameters":["/equities/tesla-motors"],"tags":["Equity"]}],"uid":"69aa73f287bf01bdec008f42db730e2a"},{"name":"Unable to open '/' page, see the traces: \norg.openqa.selenium.remote.NoSuchDriverException: Unable to obtain: Capabilities {acceptInsecureCerts: true, browserName: chrome, goog:chromeOptions: {args: [--headless=new, --proxy-bypass-list=<-loopb..., --disable-dev-shm-usage, --disable-background-networ..., --enable-features=NetworkSe..., --disable-background-timer-..., --disable-backgrounding-occ..., --disable-breakpad, --disable-client-side-phish..., --disable-component-extensi..., --disable-default-apps, --disable-features=TranslateUI, --disable-hang-monitor, --disable-ipc-flooding-prot..., --disable-popup-blocking, --disable-prompt-on-repost, --disable-renderer-backgrou..., --disable-sync, --force-color-profile=srgb, --metrics-recording-only, --no-first-run, --password-store=basic, --use-mock-keychain, --hide-scrollbars, --mute-audio, --window-size=1920,1200, --no-sandbox, --remote-allow-origins=*, --verbose, --disable-gpu, --ignore-certificate-errors], excludeSwitches: [enable-automation, load-extension], extensions: [], prefs: {credentials_enable_service: false, download.default_directory: /home/runner/work/Cucumber_..., plugins.always_open_pdf_externally: true, profile.default_content_setting_values.automatic_downloads: 1, profile.password_manager_enabled: false, safebrowsing.enabled: true}}, pageLoadStrategy: eager, platformName: any, unhandledPromptBehavior: accept}, error Command failed with code: 65, executed: [--browser, chrome, --language-binding, java, --output, json, --browser-version, latest]\nchrome latest not available for download (minimum version: 113)\nBuild info: version: '4.19.1', revision: 'abe0ee07dc'\nSystem info: os.name: 'Linux', os.arch: 'amd64', os.version: '6.5.0-1021-azure', java.version: '17.0.11'\nDriver info: driver.version: SelenideDriver","children":[{"name":"Top Navigation bar Editions button is functional","uid":"d9a22c7f229ed1a2","parentUid":"7df9bdb9d7fd8dcb2f293443d720d52f","status":"broken","time":{"start":1718545977642,"stop":1718545977719,"duration":77},"flaky":false,"newFailed":false,"newPassed":false,"newBroken":false,"retriesCount":0,"retriesStatusChange":false,"parameters":[],"tags":["TopNavBar"]}],"uid":"7df9bdb9d7fd8dcb2f293443d720d52f"}],"uid":"bdbf199525818fae7a8651db9eafe741"}],"name":"categories"}