{"uid":"17798b7ef698155e","name":"Top Navigation bar Editions button is functional","fullName":"features/TopNavBar.feature:4","historyId":"fb882a0c3e7c2197b631c91ca93f9ac8","time":{"start":1718543672513,"stop":1718543672590,"duration":77},"status":"broken","statusMessage":"Unable to open '/' page, see the traces: \norg.openqa.selenium.remote.NoSuchDriverException: Unable to obtain: Capabilities {acceptInsecureCerts: true, browserName: chrome, goog:chromeOptions: {args: [--headless=new, --proxy-bypass-list=<-loopb..., --disable-dev-shm-usage, --disable-background-networ..., --enable-features=NetworkSe..., --disable-background-timer-..., --disable-backgrounding-occ..., --disable-breakpad, --disable-client-side-phish..., --disable-component-extensi..., --disable-default-apps, --disable-features=TranslateUI, --disable-hang-monitor, --disable-ipc-flooding-prot..., --disable-popup-blocking, --disable-prompt-on-repost, --disable-renderer-backgrou..., --disable-sync, --force-color-profile=srgb, --metrics-recording-only, --no-first-run, --password-store=basic, --use-mock-keychain, --hide-scrollbars, --mute-audio, --window-size=1920,1200, --no-sandbox, --remote-allow-origins=*, --verbose, --disable-gpu, --ignore-certificate-errors], excludeSwitches: [enable-automation, load-extension], extensions: [], prefs: {credentials_enable_service: false, download.default_directory: /home/runner/work/Cucumber_..., plugins.always_open_pdf_externally: true, profile.default_content_setting_values.automatic_downloads: 1, profile.password_manager_enabled: false, safebrowsing.enabled: true}}, pageLoadStrategy: eager, platformName: any, unhandledPromptBehavior: accept}, error Command failed with code: 65, executed: [--browser, chrome, --language-binding, java, --output, json, --browser-version, latest]\nchrome latest not available for download (minimum version: 113)\nBuild info: version: '4.19.1', revision: 'abe0ee07dc'\nSystem info: os.name: 'Linux', os.arch: 'amd64', os.version: '6.5.0-1021-azure', java.version: '17.0.11'\nDriver info: driver.version: SelenideDriver","statusTrace":"java.lang.IllegalStateException: Unable to open '/' page, see the traces: \norg.openqa.selenium.remote.NoSuchDriverException: Unable to obtain: Capabilities {acceptInsecureCerts: true, browserName: chrome, goog:chromeOptions: {args: [--headless=new, --proxy-bypass-list=<-loopb..., --disable-dev-shm-usage, --disable-background-networ..., --enable-features=NetworkSe..., --disable-background-timer-..., --disable-backgrounding-occ..., --disable-breakpad, --disable-client-side-phish..., --disable-component-extensi..., --disable-default-apps, --disable-features=TranslateUI, --disable-hang-monitor, --disable-ipc-flooding-prot..., --disable-popup-blocking, --disable-prompt-on-repost, --disable-renderer-backgrou..., --disable-sync, --force-color-profile=srgb, --metrics-recording-only, --no-first-run, --password-store=basic, --use-mock-keychain, --hide-scrollbars, --mute-audio, --window-size=1920,1200, --no-sandbox, --remote-allow-origins=*, --verbose, --disable-gpu, --ignore-certificate-errors], excludeSwitches: [enable-automation, load-extension], extensions: [], prefs: {credentials_enable_service: false, download.default_directory: /home/runner/work/Cucumber_..., plugins.always_open_pdf_externally: true, profile.default_content_setting_values.automatic_downloads: 1, profile.password_manager_enabled: false, safebrowsing.enabled: true}}, pageLoadStrategy: eager, platformName: any, unhandledPromptBehavior: accept}, error Command failed with code: 65, executed: [--browser, chrome, --language-binding, java, --output, json, --browser-version, latest]\nchrome latest not available for download (minimum version: 113)\nBuild info: version: '4.19.1', revision: 'abe0ee07dc'\nSystem info: os.name: 'Linux', os.arch: 'amd64', os.version: '6.5.0-1021-azure', java.version: '17.0.11'\nDriver info: driver.version: SelenideDriver\n\tat tst.investing.PageObjects.CommonPage.navigateTo(CommonPage.java:13)\n\tat tst.investing.steps.CommonSteps.openPage(CommonSteps.java:12)\n\tat ✽.\"/\" page(classpath:features/TopNavBar.feature:5)\n","flaky":false,"newFailed":false,"newBroken":false,"newPassed":false,"retriesCount":0,"retriesStatusChange":false,"beforeStages":[{"name":"tst.investing.hooks.Hooks.BeforeScenario()","time":{"start":1718543672514,"stop":1718543672514,"duration":0},"status":"passed","steps":[],"attachments":[],"parameters":[],"shouldDisplayMessage":false,"stepsCount":0,"attachmentsCount":0,"hasContent":false,"attachmentStep":false}],"testStage":{"status":"broken","statusMessage":"Unable to open '/' page, see the traces: \norg.openqa.selenium.remote.NoSuchDriverException: Unable to obtain: Capabilities {acceptInsecureCerts: true, browserName: chrome, goog:chromeOptions: {args: [--headless=new, --proxy-bypass-list=<-loopb..., --disable-dev-shm-usage, --disable-background-networ..., --enable-features=NetworkSe..., --disable-background-timer-..., --disable-backgrounding-occ..., --disable-breakpad, --disable-client-side-phish..., --disable-component-extensi..., --disable-default-apps, --disable-features=TranslateUI, --disable-hang-monitor, --disable-ipc-flooding-prot..., --disable-popup-blocking, --disable-prompt-on-repost, --disable-renderer-backgrou..., --disable-sync, --force-color-profile=srgb, --metrics-recording-only, --no-first-run, --password-store=basic, --use-mock-keychain, --hide-scrollbars, --mute-audio, --window-size=1920,1200, --no-sandbox, --remote-allow-origins=*, --verbose, --disable-gpu, --ignore-certificate-errors], excludeSwitches: [enable-automation, load-extension], extensions: [], prefs: {credentials_enable_service: false, download.default_directory: /home/runner/work/Cucumber_..., plugins.always_open_pdf_externally: true, profile.default_content_setting_values.automatic_downloads: 1, profile.password_manager_enabled: false, safebrowsing.enabled: true}}, pageLoadStrategy: eager, platformName: any, unhandledPromptBehavior: accept}, error Command failed with code: 65, executed: [--browser, chrome, --language-binding, java, --output, json, --browser-version, latest]\nchrome latest not available for download (minimum version: 113)\nBuild info: version: '4.19.1', revision: 'abe0ee07dc'\nSystem info: os.name: 'Linux', os.arch: 'amd64', os.version: '6.5.0-1021-azure', java.version: '17.0.11'\nDriver info: driver.version: SelenideDriver","statusTrace":"java.lang.IllegalStateException: Unable to open '/' page, see the traces: \norg.openqa.selenium.remote.NoSuchDriverException: Unable to obtain: Capabilities {acceptInsecureCerts: true, browserName: chrome, goog:chromeOptions: {args: [--headless=new, --proxy-bypass-list=<-loopb..., --disable-dev-shm-usage, --disable-background-networ..., --enable-features=NetworkSe..., --disable-background-timer-..., --disable-backgrounding-occ..., --disable-breakpad, --disable-client-side-phish..., --disable-component-extensi..., --disable-default-apps, --disable-features=TranslateUI, --disable-hang-monitor, --disable-ipc-flooding-prot..., --disable-popup-blocking, --disable-prompt-on-repost, --disable-renderer-backgrou..., --disable-sync, --force-color-profile=srgb, --metrics-recording-only, --no-first-run, --password-store=basic, --use-mock-keychain, --hide-scrollbars, --mute-audio, --window-size=1920,1200, --no-sandbox, --remote-allow-origins=*, --verbose, --disable-gpu, --ignore-certificate-errors], excludeSwitches: [enable-automation, load-extension], extensions: [], prefs: {credentials_enable_service: false, download.default_directory: /home/runner/work/Cucumber_..., plugins.always_open_pdf_externally: true, profile.default_content_setting_values.automatic_downloads: 1, profile.password_manager_enabled: false, safebrowsing.enabled: true}}, pageLoadStrategy: eager, platformName: any, unhandledPromptBehavior: accept}, error Command failed with code: 65, executed: [--browser, chrome, --language-binding, java, --output, json, --browser-version, latest]\nchrome latest not available for download (minimum version: 113)\nBuild info: version: '4.19.1', revision: 'abe0ee07dc'\nSystem info: os.name: 'Linux', os.arch: 'amd64', os.version: '6.5.0-1021-azure', java.version: '17.0.11'\nDriver info: driver.version: SelenideDriver\n\tat tst.investing.PageObjects.CommonPage.navigateTo(CommonPage.java:13)\n\tat tst.investing.steps.CommonSteps.openPage(CommonSteps.java:12)\n\tat ✽.\"/\" page(classpath:features/TopNavBar.feature:5)\n","steps":[{"name":"Given \"/\" page","time":{"start":1718543672514,"stop":1718543672585,"duration":71},"status":"broken","statusMessage":"Unable to open '/' page, see the traces: \norg.openqa.selenium.remote.NoSuchDriverException: Unable to obtain: Capabilities {acceptInsecureCerts: true, browserName: chrome, goog:chromeOptions: {args: [--headless=new, --proxy-bypass-list=<-loopb..., --disable-dev-shm-usage, --disable-background-networ..., --enable-features=NetworkSe..., --disable-background-timer-..., --disable-backgrounding-occ..., --disable-breakpad, --disable-client-side-phish..., --disable-component-extensi..., --disable-default-apps, --disable-features=TranslateUI, --disable-hang-monitor, --disable-ipc-flooding-prot..., --disable-popup-blocking, --disable-prompt-on-repost, --disable-renderer-backgrou..., --disable-sync, --force-color-profile=srgb, --metrics-recording-only, --no-first-run, --password-store=basic, --use-mock-keychain, --hide-scrollbars, --mute-audio, --window-size=1920,1200, --no-sandbox, --remote-allow-origins=*, --verbose, --disable-gpu, --ignore-certificate-errors], excludeSwitches: [enable-automation, load-extension], extensions: [], prefs: {credentials_enable_service: false, download.default_directory: /home/runner/work/Cucumber_..., plugins.always_open_pdf_externally: true, profile.default_content_setting_values.automatic_downloads: 1, profile.password_manager_enabled: false, safebrowsing.enabled: true}}, pageLoadStrategy: eager, platformName: any, unhandledPromptBehavior: accept}, error Command failed with code: 65, executed: [--browser, chrome, --language-binding, java, --output, json, --browser-version, latest]\nchrome latest not available for download (minimum version: 113)\nBuild info: version: '4.19.1', revision: 'abe0ee07dc'\nSystem info: os.name: 'Linux', os.arch: 'amd64', os.version: '6.5.0-1021-azure', java.version: '17.0.11'\nDriver info: driver.version: SelenideDriver","statusTrace":"java.lang.IllegalStateException: Unable to open '/' page, see the traces: \norg.openqa.selenium.remote.NoSuchDriverException: Unable to obtain: Capabilities {acceptInsecureCerts: true, browserName: chrome, goog:chromeOptions: {args: [--headless=new, --proxy-bypass-list=<-loopb..., --disable-dev-shm-usage, --disable-background-networ..., --enable-features=NetworkSe..., --disable-background-timer-..., --disable-backgrounding-occ..., --disable-breakpad, --disable-client-side-phish..., --disable-component-extensi..., --disable-default-apps, --disable-features=TranslateUI, --disable-hang-monitor, --disable-ipc-flooding-prot..., --disable-popup-blocking, --disable-prompt-on-repost, --disable-renderer-backgrou..., --disable-sync, --force-color-profile=srgb, --metrics-recording-only, --no-first-run, --password-store=basic, --use-mock-keychain, --hide-scrollbars, --mute-audio, --window-size=1920,1200, --no-sandbox, --remote-allow-origins=*, --verbose, --disable-gpu, --ignore-certificate-errors], excludeSwitches: [enable-automation, load-extension], extensions: [], prefs: {credentials_enable_service: false, download.default_directory: /home/runner/work/Cucumber_..., plugins.always_open_pdf_externally: true, profile.default_content_setting_values.automatic_downloads: 1, profile.password_manager_enabled: false, safebrowsing.enabled: true}}, pageLoadStrategy: eager, platformName: any, unhandledPromptBehavior: accept}, error Command failed with code: 65, executed: [--browser, chrome, --language-binding, java, --output, json, --browser-version, latest]\nchrome latest not available for download (minimum version: 113)\nBuild info: version: '4.19.1', revision: 'abe0ee07dc'\nSystem info: os.name: 'Linux', os.arch: 'amd64', os.version: '6.5.0-1021-azure', java.version: '17.0.11'\nDriver info: driver.version: SelenideDriver\n\tat tst.investing.PageObjects.CommonPage.navigateTo(CommonPage.java:13)\n\tat tst.investing.steps.CommonSteps.openPage(CommonSteps.java:12)\n\tat ✽.\"/\" page(classpath:features/TopNavBar.feature:5)\n","steps":[],"attachments":[],"parameters":[],"shouldDisplayMessage":true,"stepsCount":0,"attachmentsCount":0,"hasContent":true,"attachmentStep":false},{"name":"When user hovers over Edition button on the Top Navigation bar","time":{"start":1718543672585,"stop":1718543672585,"duration":0},"status":"skipped","steps":[],"attachments":[],"parameters":[],"shouldDisplayMessage":false,"stepsCount":0,"attachmentsCount":0,"hasContent":false,"attachmentStep":false},{"name":"Then the Edition popup is displayed","time":{"start":1718543672585,"stop":1718543672586,"duration":1},"status":"skipped","steps":[],"attachments":[],"parameters":[],"shouldDisplayMessage":false,"stepsCount":0,"attachmentsCount":0,"hasContent":false,"attachmentStep":false},{"name":"And the Edition popup contains the following values:","time":{"start":1718543672586,"stop":1718543672589,"duration":3},"status":"skipped","steps":[],"attachments":[{"uid":"e203cee4e0746d31","name":"Data table","source":"e203cee4e0746d31.csv","type":"text/tab-separated-values","size":453}],"parameters":[],"shouldDisplayMessage":false,"stepsCount":0,"attachmentsCount":1,"hasContent":true,"attachmentStep":false}],"attachments":[],"parameters":[],"shouldDisplayMessage":false,"stepsCount":4,"attachmentsCount":1,"hasContent":true,"attachmentStep":false},"afterStages":[{"name":"tst.investing.hooks.Hooks.AfterScenario(io.cucumber.java.Scenario)","time":{"start":1718543672589,"stop":1718543672590,"duration":1},"status":"broken","statusMessage":"Cannot invoke \"String.getBytes(java.nio.charset.Charset)\" because \"src\" is null","statusTrace":"java.lang.NullPointerException: Cannot invoke \"String.getBytes(java.nio.charset.Charset)\" because \"src\" is null\n\tat java.base/java.util.Base64$Decoder.decode(Base64.java:589)\n\tat tst.investing.Infrastructure.Utilities.attachScreenshot(Utilities.java:55)\n\tat tst.investing.hooks.Hooks.AfterScenario(Hooks.java:34)\n","steps":[],"attachments":[],"parameters":[],"shouldDisplayMessage":true,"stepsCount":0,"attachmentsCount":0,"hasContent":true,"attachmentStep":false}],"labels":[{"name":"tag","value":"TopNavBar"},{"name":"host","value":"fv-az573-100"},{"name":"thread","value":"2249@fv-az573-100.Test worker(1)"},{"name":"feature","value":"Verify Top Navigation bar"},{"name":"story","value":"Top Navigation bar Editions button is functional"},{"name":"suite","value":"Verify Top Navigation bar"},{"name":"testClass","value":"Top Navigation bar Editions button is functional"},{"name":"framework","value":"cucumber4jvm"},{"name":"language","value":"java"},{"name":"gherkin_uri","value":"classpath:features/TopNavBar.feature"},{"name":"package","value":"features.TopNavBar_feature.Verify Top Navigation bar"},{"name":"resultFormat","value":"allure2"}],"parameters":[],"links":[],"hidden":false,"retry":false,"extra":{"severity":"normal","retries":[],"categories":[{"name":"Test defects","matchedStatuses":[],"flaky":false}],"history":{"statistic":{"failed":9,"broken":20,"skipped":0,"passed":2,"unknown":0,"total":31},"items":[{"uid":"3b761cf6af8266c8","reportUrl":"https://MRC81.github.io/Cucumber_Selenide/17//#testresult/3b761cf6af8266c8","status":"broken","statusDetails":"Unable to open '/' page, see the traces: \norg.openqa.selenium.remote.NoSuchDriverException: Unable to obtain: Capabilities {acceptInsecureCerts: true, browserName: chrome, goog:chromeOptions: {args: [--headless=new, --proxy-bypass-list=<-loopb..., --disable-dev-shm-usage, --disable-background-networ..., --enable-features=NetworkSe..., --disable-background-timer-..., --disable-backgrounding-occ..., --disable-breakpad, --disable-client-side-phish..., --disable-component-extensi..., --disable-default-apps, --disable-features=TranslateUI, --disable-hang-monitor, --disable-ipc-flooding-prot..., --disable-popup-blocking, --disable-prompt-on-repost, --disable-renderer-backgrou..., --disable-sync, --force-color-profile=srgb, --metrics-recording-only, --no-first-run, --password-store=basic, --use-mock-keychain, --hide-scrollbars, --mute-audio, --window-size=1920,1200, --no-sandbox, --remote-allow-origins=*, --verbose, --disable-gpu, --ignore-certificate-errors], excludeSwitches: [enable-automation, load-extension], extensions: [], prefs: {credentials_enable_service: false, download.default_directory: /home/runner/work/Cucumber_..., plugins.always_open_pdf_externally: true, profile.default_content_setting_values.automatic_downloads: 1, profile.password_manager_enabled: false, safebrowsing.enabled: true}}, pageLoadStrategy: eager, platformName: any, unhandledPromptBehavior: accept}, error Command failed with code: 65, executed: [--browser, chrome, --language-binding, java, --output, json, --browser-version, latest]\nchrome latest not available for download (minimum version: 113)\nBuild info: version: '4.19.1', revision: 'abe0ee07dc'\nSystem info: os.name: 'Linux', os.arch: 'amd64', os.version: '6.5.0-1021-azure', java.version: '17.0.11'\nDriver info: driver.version: SelenideDriver","time":{"start":1718139905290,"stop":1718139905375,"duration":85}},{"uid":"cce98e74ae1fee9f","reportUrl":"https://MRC81.github.io/Cucumber_Selenide/13//#testresult/cce98e74ae1fee9f","status":"broken","statusDetails":"Unable to open '/' page, see the traces: \norg.openqa.selenium.TimeoutException: java.util.concurrent.TimeoutException\nBuild info: version: '4.19.1', revision: 'abe0ee07dc'\nSystem info: os.name: 'Linux', os.arch: 'amd64', os.version: '6.5.0-1021-azure', java.version: '17.0.11'\nDriver info: org.openqa.selenium.chrome.ChromeDriver\nCommand: [a0595fdcb9467227d3616dfe34799f0e, getTitle {}]\nselenide.url: https://www.investing.com/\nCapabilities {acceptInsecureCerts: true, browserName: chrome, browserVersion: 125.0.6422.60, chrome: {chromedriverVersion: 125.0.6422.60 (3ac3319bff9f..., userDataDir: /tmp/.org.chromium.Chromium...}, fedcm:accounts: true, goog:chromeOptions: {debuggerAddress: localhost:46831}, networkConnectionEnabled: false, pageLoadStrategy: eager, platformName: linux, proxy: Proxy(), se:cdp: ws://localhost:46831/devtoo..., se:cdpVersion: 125.0.6422.60, setWindowRect: true, strictFileInteractability: false, timeouts: {implicit: 0, pageLoad: 300000, script: 30000}, unhandledPromptBehavior: accept, webauthn:extension:credBlob: true, webauthn:extension:largeBlob: true, webauthn:extension:minPinLength: true, webauthn:extension:prf: true, webauthn:virtualAuthenticators: true}\nselenide.baseUrl: https://www.investing.com\nSession ID: a0595fdcb9467227d3616dfe34799f0e","time":{"start":1716299205387,"stop":1716299565398,"duration":360011}},{"uid":"6f2e8da39d904046","reportUrl":"https://MRC81.github.io/Cucumber_Selenide/12//#testresult/6f2e8da39d904046","status":"broken","statusDetails":"Unable to open '/' page, see the traces: \norg.openqa.selenium.SessionNotCreatedException: Could not start a new session. Response code 500. Message: Unable to find a matching set of capabilities \nHost info: host: 'fv-az585-661', ip: '10.1.0.65'\nBuild info: version: '4.19.1', revision: 'abe0ee07dc'\nSystem info: os.name: 'Linux', os.arch: 'amd64', os.version: '6.5.0-1021-azure', java.version: '17.0.11'\nDriver info: org.openqa.selenium.firefox.FirefoxDriver\nCommand: [null, newSession {capabilities=[Capabilities {acceptInsecureCerts: true, browserName: firefox, moz:debuggerAddress: true, moz:firefoxOptions: {args: [-headless], binary: /usr/bin/firefox, prefs: {browser.download.dir: /home/runner/work/Cucumber_..., browser.download.folderList: 2, browser.helperApps.neverAsk.saveToDisk: video/3gpp;video/3gpp2;appl..., network.automatic-ntlm-auth.allow-non-fqdn: true, network.automatic-ntlm-auth.trusted-uris: http://,https://, network.http.phishy-userpass-length: 255, network.negotiate-auth.delegation-uris: http://,https://, network.negotiate-auth.trusted-uris: http://,https://, network.proxy.allow_hijacking_localhost: true, network.proxy.no_proxies_on: , pdfjs.disabled: true, security.csp.enable: false}}, pageLoadStrategy: eager, platformName: any, unhandledPromptBehavior: accept}]}]\nselenide.url: https://www.investing.com/\nselenide.baseUrl: https://www.investing.com","time":{"start":1716192058745,"stop":1716192059145,"duration":400}},{"uid":"d7a40318e8701b97","reportUrl":"https://MRC81.github.io/Cucumber_Selenide/11//#testresult/d7a40318e8701b97","status":"broken","statusDetails":"Unable to open '/' page, see the traces: \norg.openqa.selenium.TimeoutException: java.util.concurrent.TimeoutException\nBuild info: version: '4.19.1', revision: 'abe0ee07dc'\nSystem info: os.name: 'Linux', os.arch: 'amd64', os.version: '6.5.0-1021-azure', java.version: '17.0.11'\nDriver info: org.openqa.selenium.chrome.ChromeDriver\nCommand: [7191553c79a7f3a473dfe567214ef583, getTitle {}]\nselenide.url: https://www.investing.com/\nCapabilities {acceptInsecureCerts: true, browserName: chrome, browserVersion: 125.0.6422.60, chrome: {chromedriverVersion: 125.0.6422.60 (3ac3319bff9f..., userDataDir: /tmp/.org.chromium.Chromium...}, fedcm:accounts: true, goog:chromeOptions: {debuggerAddress: localhost:43921}, networkConnectionEnabled: false, pageLoadStrategy: eager, platformName: linux, proxy: Proxy(), se:cdp: ws://localhost:43921/devtoo..., se:cdpVersion: 125.0.6422.60, setWindowRect: true, strictFileInteractability: false, timeouts: {implicit: 0, pageLoad: 300000, script: 30000}, unhandledPromptBehavior: accept, webauthn:extension:credBlob: true, webauthn:extension:largeBlob: true, webauthn:extension:minPinLength: true, webauthn:extension:prf: true, webauthn:virtualAuthenticators: true}\nselenide.baseUrl: https://www.investing.com\nSession ID: 7191553c79a7f3a473dfe567214ef583","time":{"start":1716143809327,"stop":1716144169337,"duration":360010}},{"uid":"6ffa6881c562d835","reportUrl":"https://MRC81.github.io/Cucumber_Selenide/4//#testresult/6ffa6881c562d835","status":"failed","statusDetails":"Element not found {By.chained({[class*='EditionSelector_editions__popup'],li a span[class*='text']})}\nExpected: TextsInAnyOrder [English (UK), Русский, English (India), Türkçe, English (Canada), العربية, English (Australia), Ελληνικά, English (South Africa), Svenska, English (Philippines), Suomi, English (Nigeria), עברית, Deutsch, 日本語, Español (España), 한국어, Español (México), 简体中文, Français, 繁體中文, Italiano, Bahasa Indonesia, Nederlands, Bahasa Melayu, Português (Portugal), ไทย, Polski, Tiếng Việt, Português (Brasil), हिंदी]\nTimeout: 8 s.\nCaused by: TimeoutException: java.net.http.HttpTimeoutException: request timed out","time":{"start":1716142221513,"stop":1716142316557,"duration":95044}},{"uid":"24f758fb8dc9a762","reportUrl":"https://MRC81.github.io/Cucumber_Selenide/16//#testresult/24f758fb8dc9a762","status":"passed","time":{"start":1716142056432,"stop":1716142059627,"duration":3195}},{"uid":"cb9437e187e6f064","reportUrl":"https://MRC81.github.io/Cucumber_Selenide/10//#testresult/cb9437e187e6f064","status":"broken","statusDetails":"Unable to open '/' page, see the traces: \norg.openqa.selenium.TimeoutException: java.util.concurrent.TimeoutException\nBuild info: version: '4.19.1', revision: 'abe0ee07dc'\nSystem info: os.name: 'Linux', os.arch: 'amd64', os.version: '6.5.0-1021-azure', java.version: '17.0.11'\nDriver info: org.openqa.selenium.chrome.ChromeDriver\nCommand: [35e37b6126710607f3159c0d9102e04a, getTitle {}]\nselenide.url: https://www.investing.com/\nCapabilities {acceptInsecureCerts: true, browserName: chrome, browserVersion: 125.0.6422.60, chrome: {chromedriverVersion: 125.0.6422.60 (3ac3319bff9f..., userDataDir: /tmp/.org.chromium.Chromium...}, fedcm:accounts: true, goog:chromeOptions: {debuggerAddress: localhost:41237}, networkConnectionEnabled: false, pageLoadStrategy: eager, platformName: linux, proxy: Proxy(), se:cdp: ws://localhost:41237/devtoo..., se:cdpVersion: 125.0.6422.60, setWindowRect: true, strictFileInteractability: false, timeouts: {implicit: 0, pageLoad: 300000, script: 30000}, unhandledPromptBehavior: accept, webauthn:extension:credBlob: true, webauthn:extension:largeBlob: true, webauthn:extension:minPinLength: true, webauthn:extension:prf: true, webauthn:virtualAuthenticators: true}\nselenide.baseUrl: https://www.investing.com\nSession ID: 35e37b6126710607f3159c0d9102e04a","time":{"start":1716136614304,"stop":1716136974329,"duration":360025}},{"uid":"680d091c5f04973a","reportUrl":"https://MRC81.github.io/Cucumber_Selenide/15//#testresult/680d091c5f04973a","status":"failed","statusDetails":"Element should be visible (because The Edition popup is not displayed) {[class*='EditionSelector_editions__popup']}\nElement: '<div class=\"popup_popup__t_FyN popup_popup--top__u_sUB popup_primary__Lb1mP popup_regular__YzEzn EditionSelector_editions__popup__KE60R popup_popup--hidden__0VdoL\" data-tail=\"top\" displayed:false>TimeoutException: java.util.concurrent.TimeoutException</TimeoutException: java.util.concurrent.TimeoutException>'\nActual value: hidden\nTimeout: 5 s.","time":{"start":1716136033542,"stop":1716136756764,"duration":723222}},{"uid":"1e078898ba37fb71","reportUrl":"https://MRC81.github.io/Cucumber_Selenide/9//#testresult/1e078898ba37fb71","status":"broken","statusDetails":"Unable to open '/' page, see the traces: \norg.openqa.selenium.TimeoutException: java.util.concurrent.TimeoutException\nBuild info: version: '4.19.1', revision: 'abe0ee07dc'\nSystem info: os.name: 'Linux', os.arch: 'amd64', os.version: '6.5.0-1021-azure', java.version: '17.0.11'\nDriver info: org.openqa.selenium.chrome.ChromeDriver\nCommand: [790f9da82ff1bb69e25e793610819d9a, getTitle {}]\nselenide.url: https://www.investing.com/\nCapabilities {acceptInsecureCerts: true, browserName: chrome, browserVersion: 125.0.6422.60, chrome: {chromedriverVersion: 125.0.6422.60 (3ac3319bff9f..., userDataDir: /tmp/.org.chromium.Chromium...}, fedcm:accounts: true, goog:chromeOptions: {debuggerAddress: localhost:40955}, networkConnectionEnabled: false, pageLoadStrategy: eager, platformName: linux, proxy: Proxy(), se:cdp: ws://localhost:40955/devtoo..., se:cdpVersion: 125.0.6422.60, setWindowRect: true, strictFileInteractability: false, timeouts: {implicit: 0, pageLoad: 300000, script: 30000}, unhandledPromptBehavior: accept, webauthn:extension:credBlob: true, webauthn:extension:largeBlob: true, webauthn:extension:minPinLength: true, webauthn:extension:prf: true, webauthn:virtualAuthenticators: true}\nselenide.baseUrl: https://www.investing.com\nSession ID: 790f9da82ff1bb69e25e793610819d9a","time":{"start":1716134556631,"stop":1716134916641,"duration":360010}},{"uid":"11d41bf2278df811","reportUrl":"https://MRC81.github.io/Cucumber_Selenide/14//#testresult/11d41bf2278df811","status":"failed","statusDetails":"Element should be visible (because The Edition popup is not displayed) {[class*='EditionSelector_editions__popup']}\nElement: 'Ups, failed to describe the element [caused by: TimeoutException: java.util.concurrent.TimeoutException]'\nActual value: hidden\nTimeout: 5 s.","time":{"start":1716133239982,"stop":1716133783055,"duration":543073}},{"uid":"8d14af47034e2f33","reportUrl":"https://MRC81.github.io/Cucumber_Selenide/13//#testresult/8d14af47034e2f33","status":"broken","statusDetails":"Unable to open '/' page, see the traces: \norg.openqa.selenium.TimeoutException: java.util.concurrent.TimeoutException\nBuild info: version: '4.19.1', revision: 'abe0ee07dc'\nSystem info: os.name: 'Linux', os.arch: 'amd64', os.version: '6.5.0-1017-azure', java.version: '17.0.10'\nDriver info: org.openqa.selenium.chrome.ChromeDriver\nCommand: [bd6099432b976ee1419c750744d19341, getTitle {}]\nselenide.url: https://www.investing.com/\nCapabilities {acceptInsecureCerts: true, browserName: chrome, browserVersion: 123.0.6312.105, chrome: {chromedriverVersion: 123.0.6312.86 (9b72c47a0536..., userDataDir: /tmp/.org.chromium.Chromium...}, fedcm:accounts: true, goog:chromeOptions: {debuggerAddress: localhost:41059}, networkConnectionEnabled: false, pageLoadStrategy: eager, platformName: linux, proxy: Proxy(), se:cdp: ws://localhost:41059/devtoo..., se:cdpVersion: 123.0.6312.105, setWindowRect: true, strictFileInteractability: false, timeouts: {implicit: 0, pageLoad: 300000, script: 30000}, unhandledPromptBehavior: accept, webauthn:extension:credBlob: true, webauthn:extension:largeBlob: true, webauthn:extension:minPinLength: true, webauthn:extension:prf: true, webauthn:virtualAuthenticators: true}\nselenide.baseUrl: https://www.investing.com\nSession ID: bd6099432b976ee1419c750744d19341","time":{"start":1712565033501,"stop":1712565393516,"duration":360015}},{"uid":"39f8696920100559","reportUrl":"https://MRC81.github.io/Cucumber_Selenide/3//#testresult/39f8696920100559","status":"failed","statusDetails":"Element not found {By.chained({[class*='EditionSelector_editions__popup'],li a span[class*='text']})}\nExpected: TextsInAnyOrder [English (UK), Русский, English (India), Türkçe, English (Canada), العربية, English (Australia), Ελληνικά, English (South Africa), Svenska, English (Philippines), Suomi, English (Nigeria), עברית, Deutsch, 日本語, Español (España), 한국어, Español (México), 简体中文, Français, 繁體中文, Italiano, Bahasa Indonesia, Nederlands, Bahasa Melayu, Português (Portugal), ไทย, Polski, Tiếng Việt, Português (Brasil), हिंदी]\nTimeout: 8 s.\nCaused by: TimeoutException: java.util.concurrent.TimeoutException","time":{"start":1712510989926,"stop":1712511084116,"duration":94190}},{"uid":"c9882bcc77930ef0","reportUrl":"https://MRC81.github.io/Cucumber_Selenide/12//#testresult/c9882bcc77930ef0","status":"broken","statusDetails":"Unable to open '/' page, see the traces: \norg.openqa.selenium.SessionNotCreatedException: Could not start a new session. Possible causes are invalid address of the remote server or browser start-up failure. \nHost info: host: 'fv-az698-614', ip: '10.1.0.74'\nBuild info: version: '4.19.1', revision: 'abe0ee07dc'\nSystem info: os.name: 'Linux', os.arch: 'amd64', os.version: '6.5.0-1017-azure', java.version: '17.0.10'\nselenide.remote: http://localhost:4444/wd/hub\nDriver info: org.openqa.selenium.remote.RemoteWebDriver\nCommand: [null, newSession {capabilities=[Capabilities {acceptInsecureCerts: true, browserName: chrome, goog:chromeOptions: {args: [--headless=new, --proxy-bypass-list=<-loopb..., --disable-dev-shm-usage, --disable-background-networ..., --enable-features=NetworkSe..., --disable-background-timer-..., --disable-backgrounding-occ..., --disable-breakpad, --disable-client-side-phish..., --disable-component-extensi..., --disable-default-apps, --disable-features=TranslateUI, --disable-hang-monitor, --disable-ipc-flooding-prot..., --disable-popup-blocking, --disable-prompt-on-repost, --disable-renderer-backgrou..., --disable-sync, --force-color-profile=srgb, --metrics-recording-only, --no-first-run, --password-store=basic, --use-mock-keychain, --hide-scrollbars, --mute-audio, --window-size=1920,1200, --disable-gpu, --ignore-certificate-errors, --no-sandbox, --remote-allow-origins=*, --verbose], excludeSwitches: [enable-automation, load-extension], extensions: [], prefs: {credentials_enable_service: false, plugins.always_open_pdf_externally: true, profile.default_content_setting_values.automatic_downloads: 1, profile.password_manager_enabled: false, safebrowsing.enabled: true}}, pageLoadStrategy: eager, platformName: any, unhandledPromptBehavior: accept}]}]\nselenide.url: https://www.investing.com/\nCapabilities {acceptInsecureCerts: true, browserName: chrome, goog:chromeOptions: {args: [--headless=new, --proxy-bypass-list=<-loopb..., --disable-dev-shm-usage, --disable-background-networ..., --enable-features=NetworkSe..., --disable-background-timer-..., --disable-backgrounding-occ..., --disable-breakpad, --disable-client-side-phish..., --disable-component-extensi..., --disable-default-apps, --disable-features=TranslateUI, --disable-hang-monitor, --disable-ipc-flooding-prot..., --disable-popup-blocking, --disable-prompt-on-repost, --disable-renderer-backgrou..., --disable-sync, --force-color-profile=srgb, --metrics-recording-only, --no-first-run, --password-store=basic, --use-mock-keychain, --hide-scrollbars, --mute-audio, --window-size=1920,1200, --disable-gpu, --ignore-certificate-errors, --no-sandbox, --remote-allow-origins=*, --verbose], excludeSwitches: [enable-automation, load-extension], extensions: [], prefs: {credentials_enable_service: false, plugins.always_open_pdf_externally: true, profile.default_content_setting_values.automatic_downloads: 1, profile.password_manager_enabled: false, safebrowsing.enabled: true}}, pageLoadStrategy: eager, platformName: any, unhandledPromptBehavior: accept}\nselenide.baseUrl: https://www.investing.com","time":{"start":1712510856758,"stop":1712510856775,"duration":17}},{"uid":"79658a440f104f6c","reportUrl":"https://MRC81.github.io/Cucumber_Selenide/11//#testresult/79658a440f104f6c","status":"failed","statusDetails":"Element not found {[class*='EditionSelector_editions__popup']}\nExpected: visible (because The Edition popup is not displayed)\nTimeout: 5 s.\nCaused by: TimeoutException: java.util.concurrent.TimeoutException","time":{"start":1712496950096,"stop":1712497355605,"duration":405509}},{"uid":"4a0ca2bd7c5ff2eb","reportUrl":"https://MRC81.github.io/Cucumber_Selenide/10//#testresult/4a0ca2bd7c5ff2eb","status":"failed","statusDetails":"Element not found {[class*='EditionSelector_editions__popup']}\nExpected: visible (because The Edition popup is not displayed)\nTimeout: 3 s.\nCaused by: TimeoutException: java.util.concurrent.TimeoutException","time":{"start":1712495497907,"stop":1712495902270,"duration":404363}},{"uid":"50d97a38fbdd3674","reportUrl":"https://MRC81.github.io/Cucumber_Selenide/2//#testresult/50d97a38fbdd3674","status":"broken","statusDetails":"Unable to open '/' page, see the traces: \norg.openqa.selenium.SessionNotCreatedException: Could not start a new session. Response code 500. Message: session not created: Chrome failed to start: exited normally.\n  (session not created: DevToolsActivePort file doesn't exist)\n  (The process started from chrome location /usr/bin/google-chrome is no longer running, so ChromeDriver is assuming that Chrome has crashed.) \nHost info: host: 'fv-az984-800', ip: '10.1.0.81'\nBuild info: version: '4.19.1', revision: 'abe0ee07dc'\nSystem info: os.name: 'Linux', os.arch: 'amd64', os.version: '6.5.0-1017-azure', java.version: '17.0.10'\nDriver info: org.openqa.selenium.chrome.ChromeDriver\nCommand: [null, newSession {capabilities=[Capabilities {acceptInsecureCerts: true, browserName: chrome, goog:chromeOptions: {args: [--proxy-bypass-list=<-loopb..., --disable-dev-shm-usage, --window-size=1920,1200, --disable-gpu, --ignore-certificate-errors, --no-sandbox, --remote-allow-origins=*, --verbose], binary: /usr/bin/google-chrome, excludeSwitches: [enable-automation, load-extension], extensions: [], prefs: {credentials_enable_service: false, download.default_directory: /home/runner/work/Cucumber_..., plugins.always_open_pdf_externally: true, profile.default_content_setting_values.automatic_downloads: 1, profile.password_manager_enabled: false, safebrowsing.enabled: true}}, pageLoadStrategy: eager, platformName: any, unhandledPromptBehavior: accept}]}]\nselenide.url: https://www.investing.com/\nselenide.baseUrl: https://www.investing.com","time":{"start":1712495782867,"stop":1712495783070,"duration":203}},{"uid":"44c5caba67d49512","reportUrl":"https://MRC81.github.io/Cucumber_Selenide/8//#testresult/44c5caba67d49512","status":"failed","statusDetails":"Element should be visible (because The Edition popup is not displayed) {[class*='EditionSelector_editions__popup']}\nElement: 'Ups, failed to describe the element [caused by: TimeoutException: java.util.concurrent.TimeoutException]'\nTimeout: 3 s.\nCaused by: TimeoutException: java.util.concurrent.TimeoutException","time":{"start":1712494550090,"stop":1712495134408,"duration":584318}},{"uid":"dcddd37f6b43f44b","reportUrl":"https://MRC81.github.io/Cucumber_Selenide/9//#testresult/dcddd37f6b43f44b","status":"failed","statusDetails":"Element should be visible (because The Edition popup is not displayed) {[class*='EditionSelector_editions__popup']}\nElement: '<div class=\"popup_popup__t_FyN popup_popup--top__u_sUB popup_primary__Lb1mP popup_regular__YzEzn EditionSelector_editions__popup__KE60R popup_popup--hidden__0VdoL\" data-tail=\"top\" displayed:false></div>'\nActual value: hidden\nScreenshot: file:/home/runner/work/Cucumber_Selenide/Cucumber_Selenide/reports/1712493677907.0.png\nTimeout: 3 s.","time":{"start":1712493672246,"stop":1712493678474,"duration":6228}},{"uid":"5ef4a926b0d349c3","reportUrl":"https://MRC81.github.io/Cucumber_Selenide/7//#testresult/5ef4a926b0d349c3","status":"broken","statusDetails":"Unable to open '/' page, see the traces: \norg.openqa.selenium.TimeoutException: timeout: Timed out receiving message from renderer: 99.718\n  (Session info: chrome=123.0.6312.105)\nBuild info: version: '4.15.0', revision: '1d14b5521b'\nSystem info: os.name: 'Linux', os.arch: 'amd64', os.version: '6.5.0-1017-azure', java.version: '17.0.10'\nDriver info: org.openqa.selenium.chrome.ChromeDriver\nCommand: [9d3e3e09244674fe9016fb4c531d20e1, get {url=https://www.investing.com/}]\nselenide.url: https://www.investing.com/\nCapabilities {acceptInsecureCerts: true, browserName: chrome, browserVersion: 123.0.6312.105, chrome: {chromedriverVersion: 123.0.6312.86 (9b72c47a0536..., userDataDir: /tmp/.org.chromium.Chromium...}, fedcm:accounts: true, goog:chromeOptions: {debuggerAddress: localhost:36745}, networkConnectionEnabled: false, pageLoadStrategy: normal, platformName: linux, proxy: Proxy(), se:cdp: ws://localhost:36745/devtoo..., se:cdpVersion: 123.0.6312.105, setWindowRect: true, strictFileInteractability: false, timeouts: {implicit: 0, pageLoad: 300000, script: 30000}, unhandledPromptBehavior: accept, webauthn:extension:credBlob: true, webauthn:extension:largeBlob: true, webauthn:extension:minPinLength: true, webauthn:extension:prf: true, webauthn:virtualAuthenticators: true}\nselenide.baseUrl: https://www.investing.com\nSession ID: 9d3e3e09244674fe9016fb4c531d20e1","time":{"start":1712490714464,"stop":1712490815180,"duration":100716}},{"uid":"7375a5330cac4d9b","reportUrl":"https://MRC81.github.io/Cucumber_Selenide/7//#testresult/7375a5330cac4d9b","status":"broken","statusDetails":"Unable to open '/' page, see the traces: \norg.openqa.selenium.TimeoutException: java.util.concurrent.TimeoutException\nBuild info: version: '4.15.0', revision: '1d14b5521b'\nSystem info: os.name: 'Linux', os.arch: 'amd64', os.version: '6.5.0-1017-azure', java.version: '17.0.10'\nDriver info: org.openqa.selenium.chrome.ChromeDriver\nCommand: [34a68ee697635424dee300155a9a1021, get {url=https://www.investing.com/}]\nselenide.url: https://www.investing.com/\nCapabilities {acceptInsecureCerts: true, browserName: chrome, browserVersion: 123.0.6312.105, chrome: {chromedriverVersion: 123.0.6312.86 (9b72c47a0536..., userDataDir: /tmp/.org.chromium.Chromium...}, fedcm:accounts: true, goog:chromeOptions: {debuggerAddress: localhost:41081}, networkConnectionEnabled: false, pageLoadStrategy: normal, platformName: linux, proxy: Proxy(), se:cdp: ws://localhost:41081/devtoo..., se:cdpVersion: 123.0.6312.105, setWindowRect: true, strictFileInteractability: false, timeouts: {implicit: 0, pageLoad: 300000, script: 30000}, unhandledPromptBehavior: accept, webauthn:extension:credBlob: true, webauthn:extension:largeBlob: true, webauthn:extension:minPinLength: true, webauthn:extension:prf: true, webauthn:virtualAuthenticators: true}\nselenide.baseUrl: https://www.investing.com\nSession ID: 34a68ee697635424dee300155a9a1021","time":{"start":1712490310475,"stop":1712490511921,"duration":201446}}]},"tags":["TopNavBar"]},"source":"17798b7ef698155e.json","parameterValues":[]}